#
# There is insufficient memory for the Java Runtime Environment to continue.
# Native memory allocation (mmap) failed to map 65536 bytes for Failed to commit metaspace.
# Possible reasons:
#   The system is out of physical RAM or swap space
#   The process is running with CompressedOops enabled, and the Java Heap may be blocking the growth of the native heap
# Possible solutions:
#   Reduce memory load on the system
#   Increase physical memory or swap space
#   Check if swap backing store is full
#   Decrease Java heap size (-Xmx/-Xms)
#   Decrease number of Java threads
#   Decrease Java thread stack sizes (-Xss)
#   Set larger code cache with -XX:ReservedCodeCacheSize=
#   JVM is running with Zero Based Compressed Oops mode in which the Java heap is
#     placed in the first 32GB address space. The Java Heap base address is the
#     maximum limit for the native heap growth. Please use -XX:HeapBaseMinAddress
#     to set the Java Heap base and to place the Java Heap above 32GB virtual address.
# This output file may be truncated or incomplete.
#
#  Out of Memory Error (virtualSpaceNode.cpp:110), pid=2876, tid=22408
#
# JRE version: OpenJDK Runtime Environment (17.0.1+12) (build 17.0.1+12-39)
# Java VM: OpenJDK 64-Bit Server VM (17.0.1+12-39, mixed mode, sharing, tiered, compressed oops, compressed class ptrs, g1 gc, windows-amd64)
# No core dump will be written. Minidumps are not enabled by default on client versions of Windows
#

---------------  S U M M A R Y ------------

Command Line: -agentlib:jdwp=transport=dt_socket,address=127.0.0.1:63744,suspend=y,server=n -ea -Didea.test.cyclic.buffer.size=1048576 -javaagent:C:\Users\User\AppData\Local\JetBrains\IntelliJIdea2022.2\captureAgent\debugger-agent.jar -Dfile.encoding=UTF-8 com.intellij.rt.junit.JUnitStarter -ideVersion5 -junit4 UserServiceTest

Host: AMD Ryzen 7 5700U with Radeon Graphics         , 16 cores, 15G,  Windows 10 , 64 bit Build 22000 (10.0.22000.120)
Time: Fri Oct 21 21:58:08 2022 RTZ 2 (s 10 , 64 bit Build 22000 (10.0.22000.120) elapsed time: 7.033152 seconds (0d 0h 0m 7s)

---------------  T H R E A D  ---------------

Current thread (0x00000296910e4350):  JavaThread "main" [_thread_in_vm, id=22408, stack(0x000000af8be00000,0x000000af8bf00000)]

Stack: [0x000000af8be00000,0x000000af8bf00000]
Native frames: (J=compiled Java code, j=interpreted, Vv=VM code, C=native code)
V  [jvm.dll+0x66fa1a]
V  [jvm.dll+0x7ce5a4]
V  [jvm.dll+0x7cfd4e]
V  [jvm.dll+0x7d03b3]
V  [jvm.dll+0x242b05]
V  [jvm.dll+0x7ca54b]
V  [jvm.dll+0x615b76]
V  [jvm.dll+0x1be19e]
V  [jvm.dll+0x6184b1]
V  [jvm.dll+0x616516]
V  [jvm.dll+0x238496]
V  [jvm.dll+0x1e87ad]
V  [jvm.dll+0x1de1f1]
V  [jvm.dll+0x537690]
V  [jvm.dll+0x74984d]
V  [jvm.dll+0x7497aa]
V  [jvm.dll+0x409034]
V  [jvm.dll+0x41c79b]
C  [java.dll+0x1657]

Java frames: (J=compiled Java code, j=interpreted, Vv=VM code)
j  java.lang.ClassLoader.defineClass0(Ljava/lang/ClassLoader;Ljava/lang/Class;Ljava/lang/String;[BIILjava/security/ProtectionDomain;ZILjava/lang/Object;)Ljava/lang/Class;+0 java.base@17.0.1
j  java.lang.System$2.defineClass(Ljava/lang/ClassLoader;Ljava/lang/Class;Ljava/lang/String;[BLjava/security/ProtectionDomain;ZILjava/lang/Object;)Ljava/lang/Class;+17 java.base@17.0.1
j  java.lang.invoke.MethodHandles$Lookup$ClassDefiner.defineClass(ZLjava/lang/Object;)Ljava/lang/Class;+54 java.base@17.0.1
j  java.lang.invoke.InvokerBytecodeGenerator.loadMethod([B)Ljava/lang/invoke/MemberName;+16 java.base@17.0.1
j  java.lang.invoke.InvokerBytecodeGenerator.generateCustomizedCode(Ljava/lang/invoke/LambdaForm;Ljava/lang/invoke/MethodType;)Ljava/lang/invoke/MemberName;+30 java.base@17.0.1
j  java.lang.invoke.LambdaForm.compileToBytecode()V+69 java.base@17.0.1
j  java.lang.invoke.LambdaForm.customize(Ljava/lang/invoke/MethodHandle;)Ljava/lang/invoke/LambdaForm;+53 java.base@17.0.1
j  java.lang.invoke.MethodHandle$1.apply(Ljava/lang/invoke/LambdaForm;)Ljava/lang/invoke/LambdaForm;+5 java.base@17.0.1
j  java.lang.invoke.MethodHandle$1.apply(Ljava/lang/Object;)Ljava/lang/Object;+5 java.base@17.0.1
j  java.lang.invoke.MethodHandle.updateForm(Ljava/util/function/Function;)V+22 java.base@17.0.1
j  java.lang.invoke.MethodHandle.customize()V+9 java.base@17.0.1
j  java.lang.invoke.MethodHandle.maybeCustomize()V+23 java.base@17.0.1
j  java.lang.invoke.Invokers.maybeCustomize(Ljava/lang/invoke/MethodHandle;)V+1 java.base@17.0.1
j  java.lang.invoke.Invokers.checkCustomized(Ljava/lang/invoke/MethodHandle;)V+19 java.base@17.0.1
j  java.lang.invoke.Invokers$Holder.invokeExact_MT(Ljava/lang/Object;Ljava/lang/Object;Ljava/lang/Object;Ljava/lang/Object;Ljava/lang/Object;Ljava/lang/Object;Ljava/lang/Object;Ljava/lang/Object;)Ljava/lang/Object;+15 java.base@17.0.1
j  java.lang.invoke.BootstrapMethodInvoker.invoke(Ljava/lang/Class;Ljava/lang/invoke/MethodHandle;Ljava/lang/String;Ljava/lang/Object;Ljava/lang/Object;Ljava/lang/Class;)Ljava/lang/Object;+319 java.base@17.0.1
j  java.lang.invoke.CallSite.makeSite(Ljava/lang/invoke/MethodHandle;Ljava/lang/String;Ljava/lang/invoke/MethodType;Ljava/lang/Object;Ljava/lang/Class;)Ljava/lang/invoke/CallSite;+8 java.base@17.0.1
j  java.lang.invoke.MethodHandleNatives.linkCallSiteImpl(Ljava/lang/Class;Ljava/lang/invoke/MethodHandle;Ljava/lang/String;Ljava/lang/invoke/MethodType;Ljava/lang/Object;[Ljava/lang/Object;)Ljava/lang/invoke/MemberName;+6 java.base@17.0.1
j  java.lang.invoke.MethodHandleNatives.linkCallSite(Ljava/lang/Object;ILjava/lang/Object;Ljava/lang/Object;Ljava/lang/Object;Ljava/lang/Object;[Ljava/lang/Object;)Ljava/lang/invoke/MemberName;+46 java.base@17.0.1
v  ~StubRoutines::call_stub
j  org.hibernate.event.service.internal.EventListenerRegistryImpl$Builder.<init>(Lorg/hibernate/jpa/event/internal/CallbackRegistryImplementor;Z)V+9
j  org.hibernate.event.spi.EventEngine.<init>(Lorg/hibernate/boot/spi/MetadataImplementor;Lorg/hibernate/engine/spi/SessionFactoryImplementor;)V+48
j  org.hibernate.internal.SessionFactoryImpl.<init>(Lorg/hibernate/boot/spi/MetadataImplementor;Lorg/hibernate/boot/spi/SessionFactoryOptions;Lorg/hibernate/engine/query/spi/QueryPlanCache$QueryPlanCreator;)V+84
j  org.hibernate.boot.internal.SessionFactoryBuilderImpl.build()Lorg/hibernate/SessionFactory;+64
j  org.hibernate.cfg.Configuration.buildSessionFactory(Lorg/hibernate/service/ServiceRegistry;)Lorg/hibernate/SessionFactory;+486
j  jm.task.core.jdbc.util.Util.getSessionFactory()Lorg/hibernate/SessionFactory;+149
j  jm.task.core.jdbc.dao.UserDaoHibernateImpl.dropUsersTable()V+0
j  jm.task.core.jdbc.service.UserServiceImpl.dropUsersTable()V+4
j  UserServiceTest.saveUser()V+4
v  ~StubRoutines::call_stub
j  jdk.internal.reflect.NativeMethodAccessorImpl.invoke0(Ljava/lang/reflect/Method;Ljava/lang/Object;[Ljava/lang/Object;)Ljava/lang/Object;+0 java.base@17.0.1
j  jdk.internal.reflect.NativeMethodAccessorImpl.invoke(Ljava/lang/Object;[Ljava/lang/Object;)Ljava/lang/Object;+133 java.base@17.0.1
j  jdk.internal.reflect.DelegatingMethodAccessorImpl.invoke(Ljava/lang/Object;[Ljava/lang/Object;)Ljava/lang/Object;+6 java.base@17.0.1
j  java.lang.reflect.Method.invoke(Ljava/lang/Object;[Ljava/lang/Object;)Ljava/lang/Object;+59 java.base@17.0.1
j  org.junit.runners.model.FrameworkMethod$1.runReflectiveCall()Ljava/lang/Object;+15
j  org.junit.internal.runners.model.ReflectiveCallable.run()Ljava/lang/Object;+1
j  org.junit.runners.model.FrameworkMethod.invokeExplosively(Ljava/lang/Object;[Ljava/lang/Object;)Ljava/lang/Object;+10
j  org.junit.internal.runners.statements.InvokeMethod.evaluate()V+12
j  org.junit.runners.ParentRunner$3.evaluate()V+4
j  org.junit.runners.BlockJUnit4ClassRunner$1.evaluate()V+11
j  org.junit.runners.ParentRunner.runLeaf(Lorg/junit/runners/model/Statement;Lorg/junit/runner/Description;Lorg/junit/runner/notification/RunNotifier;)V+17
j  org.junit.runners.BlockJUnit4ClassRunner.runChild(Lorg/junit/runners/model/FrameworkMethod;Lorg/junit/runner/notification/RunNotifier;)V+38
j  org.junit.runners.BlockJUnit4ClassRunner.runChild(Ljava/lang/Object;Lorg/junit/runner/notification/RunNotifier;)V+6
j  org.junit.runners.ParentRunner$4.run()V+12
j  org.junit.runners.ParentRunner$1.schedule(Ljava/lang/Runnable;)V+1
j  org.junit.runners.ParentRunner.runChildren(Lorg/junit/runner/notification/RunNotifier;)V+44
j  org.junit.runners.ParentRunner.access$100(Lorg/junit/runners/ParentRunner;Lorg/junit/runner/notification/RunNotifier;)V+2
j  org.junit.runners.ParentRunner$2.evaluate()V+8
j  org.junit.runners.ParentRunner$3.evaluate()V+4
j  org.junit.runners.ParentRunner.run(Lorg/junit/runner/notification/RunNotifier;)V+24
j  org.junit.runner.JUnitCore.run(Lorg/junit/runner/Runner;)Lorg/junit/runner/Result;+37
j  com.intellij.junit4.JUnit4IdeaTestRunner.startRunnerWithArgs([Ljava/lang/String;Ljava/lang/String;IZ)I+166
j  com.intellij.rt.junit.IdeaTestRunner$Repeater$1.execute(Z)I+17
j  com.intellij.rt.execution.junit.TestsRepeater.repeat(IZLcom/intellij/rt/execution/junit/TestsRepeater$TestRun;)I+7
j  com.intellij.rt.junit.IdeaTestRunner$Repeater.startRunnerWithArgs(Lcom/intellij/rt/junit/IdeaTestRunner;[Ljava/lang/String;Ljava/util/ArrayList;Ljava/lang/String;IZ)I+25
j  com.intellij.rt.junit.JUnitStarter.prepareStreamsAndStart([Ljava/lang/String;Ljava/lang/String;Ljava/util/ArrayList;Ljava/lang/String;)I+116
j  com.intellij.rt.junit.JUnitStarter.main([Ljava/lang/String;)V+97
v  ~StubRoutines::call_stub

---------------  P R O C E S S  ---------------

Threads class SMR info:
_java_thread_list=0x00000296b6fe6770, length=19, elements={
0x00000296910e4350, 0x00000296b62c1e00, 0x00000296b62c27b0, 0x00000296b62db760,
0x00000296b62dc110, 0x00000296b62dcac0, 0x00000296b62dd470, 0x00000296b62de200,
0x00000296b62e21a0, 0x00000296b62e2b90, 0x00000296b62af4e0, 0x00000296b6ed2c20,
0x00000296b6ed5c90, 0x00000296b6ef7fe0, 0x00000296b6ec0820, 0x00000296b7959ac0,
0x00000296b7a5d4e0, 0x00000296b79cd0e0, 0x00000296b88db380
}

Java Threads: ( => current thread )
=>0x00000296910e4350 JavaThread "main" [_thread_in_vm, id=22408, stack(0x000000af8be00000,0x000000af8bf00000)]
  0x00000296b62c1e00 JavaThread "Reference Handler" daemon [_thread_blocked, id=20704, stack(0x000000af8c500000,0x000000af8c600000)]
  0x00000296b62c27b0 JavaThread "Finalizer" daemon [_thread_blocked, id=3068, stack(0x000000af8c600000,0x000000af8c700000)]
  0x00000296b62db760 JavaThread "Signal Dispatcher" daemon [_thread_blocked, id=15756, stack(0x000000af8c700000,0x000000af8c800000)]
  0x00000296b62dc110 JavaThread "Attach Listener" daemon [_thread_blocked, id=7528, stack(0x000000af8c800000,0x000000af8c900000)]
  0x00000296b62dcac0 JavaThread "Service Thread" daemon [_thread_blocked, id=17524, stack(0x000000af8c900000,0x000000af8ca00000)]
  0x00000296b62dd470 JavaThread "Monitor Deflation Thread" daemon [_thread_blocked, id=20900, stack(0x000000af8ca00000,0x000000af8cb00000)]
  0x00000296b62de200 JavaThread "C2 CompilerThread0" daemon [_thread_blocked, id=21884, stack(0x000000af8cb00000,0x000000af8cc00000)]
  0x00000296b62e21a0 JavaThread "C1 CompilerThread0" daemon [_thread_blocked, id=2276, stack(0x000000af8cc00000,0x000000af8cd00000)]
  0x00000296b62e2b90 JavaThread "Sweeper thread" daemon [_thread_blocked, id=22464, stack(0x000000af8cd00000,0x000000af8ce00000)]
  0x00000296b62af4e0 JavaThread "Common-Cleaner" daemon [_thread_blocked, id=18476, stack(0x000000af8ce00000,0x000000af8cf00000)]
  0x00000296b6ed2c20 JavaThread "JDWP Transport Listener: dt_socket" daemon [_thread_blocked, id=18172, stack(0x000000af8d200000,0x000000af8d300000)]
  0x00000296b6ed5c90 JavaThread "JDWP Event Helper Thread" daemon [_thread_blocked, id=20680, stack(0x000000af8d300000,0x000000af8d400000)]
  0x00000296b6ef7fe0 JavaThread "JDWP Command Reader" daemon [_thread_in_native, id=21276, stack(0x000000af8d400000,0x000000af8d500000)]
  0x00000296b6ec0820 JavaThread "Notification Thread" daemon [_thread_blocked, id=21808, stack(0x000000af8d500000,0x000000af8d600000)]
  0x00000296b7959ac0 JavaThread "mysql-cj-abandoned-connection-cleanup" daemon [_thread_blocked, id=2840, stack(0x000000af8e200000,0x000000af8e300000)]
  0x00000296b7a5d4e0 JavaThread "C1 CompilerThread1" daemon [_thread_blocked, id=19720, stack(0x000000af8cf00000,0x000000af8d000000)]
  0x00000296b79cd0e0 JavaThread "C1 CompilerThread2" daemon [_thread_blocked, id=10800, stack(0x000000af8d000000,0x000000af8d100000)]
  0x00000296b88db380 JavaThread "Hibernate Connection Pool Validation Thread" daemon [_thread_blocked, id=20980, stack(0x000000af8e300000,0x000000af8e400000)]

Other Threads:
  0x00000296b62be470 VMThread "VM Thread" [stack: 0x000000af8c400000,0x000000af8c500000] [id=9996]
  0x000002969115fe80 WatcherThread [stack: 0x000000af8d600000,0x000000af8d700000] [id=3708]
  0x0000029691133a60 GCTaskThread "GC Thread#0" [stack: 0x000000af8bf00000,0x000000af8c000000] [id=11368]
  0x00000296b7316360 GCTaskThread "GC Thread#1" [stack: 0x000000af8d100000,0x000000af8d200000] [id=22256]
  0x00000296b73a5490 GCTaskThread "GC Thread#2" [stack: 0x000000af8d700000,0x000000af8d800000] [id=6228]
  0x00000296b73a5740 GCTaskThread "GC Thread#3" [stack: 0x000000af8d800000,0x000000af8d900000] [id=16392]
  0x00000296b765a530 GCTaskThread "GC Thread#4" [stack: 0x000000af8d900000,0x000000af8da00000] [id=11100]
  0x00000296b7659fd0 GCTaskThread "GC Thread#5" [stack: 0x000000af8da00000,0x000000af8db00000] [id=20548]
  0x00000296b76597c0 GCTaskThread "GC Thread#6" [stack: 0x000000af8db00000,0x000000af8dc00000] [id=15152]
  0x00000296b7658fb0 GCTaskThread "GC Thread#7" [stack: 0x000000af8dc00000,0x000000af8dd00000] [id=21496]
  0x00000296b7658a50 GCTaskThread "GC Thread#8" [stack: 0x000000af8dd00000,0x000000af8de00000] [id=22396]
  0x00000296b7659510 GCTaskThread "GC Thread#9" [stack: 0x000000af8de00000,0x000000af8df00000] [id=12024]
  0x00000296b7658d00 GCTaskThread "GC Thread#10" [stack: 0x000000af8df00000,0x000000af8e000000] [id=2864]
  0x00000296b765a280 GCTaskThread "GC Thread#11" [stack: 0x000000af8e000000,0x000000af8e100000] [id=3368]
  0x00000296b7659d20 GCTaskThread "GC Thread#12" [stack: 0x000000af8e100000,0x000000af8e200000] [id=11096]
  0x0000029691143dd0 ConcurrentGCThread "G1 Main Marker" [stack: 0x000000af8c000000,0x000000af8c100000] [id=18980]
  0x0000029691146d30 ConcurrentGCThread "G1 Conc#0" [stack: 0x000000af8c100000,0x000000af8c200000] [id=14196]
  0x00000296911b4640 ConcurrentGCThread "G1 Refine#0" [stack: 0x000000af8c200000,0x000000af8c300000] [id=16176]
  0x00000296911b4e00 ConcurrentGCThread "G1 Service" [stack: 0x000000af8c300000,0x000000af8c400000] [id=13220]

Threads with active compile tasks:

VM state: not at safepoint (normal execution)

VM Mutex/Monitor currently owned by a thread:  ([mutex/lock_event])
[0x00000296910dd2d0] Metaspace_lock - owner thread: 0x00000296910e4350

Heap address: 0x000000070a600000, size: 3930 MB, Compressed Oops mode: Zero based, Oop shift amount: 3

CDS archive(s) mapped at: [0x0000000800000000-0x0000000800bc0000-0x0000000800bc0000), size 12320768, SharedBaseAddress: 0x0000000800000000, ArchiveRelocationMode: 0.
Compressed class space mapped at: 0x0000000800c00000-0x0000000840c00000, reserved size: 1073741824
Narrow klass base: 0x0000000800000000, Narrow klass shift: 0, Narrow klass range: 0x100000000

GC Precious Log:
 CPUs: 16 total, 16 available
 Memory: 15712M
 Large Page Support: Disabled
 NUMA Support: Disabled
 Compressed Oops: Enabled (Zero based)
 Heap Region Size: 2M
 Heap Min Capacity: 8M
 Heap Initial Capacity: 246M
 Heap Max Capacity: 3930M
 Pre-touch: Disabled
 Parallel Workers: 13
 Concurrent Workers: 3
 Concurrent Refinement Workers: 13
 Periodic GC: Disabled

Heap:
 garbage-first heap   total 251904K, used 51553K [0x000000070a600000, 0x0000000800000000)
  region size 2048K, 27 young (55296K), 3 survivors (6144K)
 Metaspace       used 18549K, committed 18752K, reserved 1073152K
  class space    used 2470K, committed 2560K, reserved 1048576K

Heap Regions: E=young(eden), S=young(survivor), O=old, HS=humongous(starts), HC=humongous(continues), CS=collection set, F=free, OA=open archive, CA=closed archive, TAMS=top-at-mark-start (previous, next)
|   0|0x000000070a600000, 0x000000070a600000, 0x000000070a800000|  0%| F|  |TAMS 0x000000070a600000, 0x000000070a600000| Untracked 
|   1|0x000000070a800000, 0x000000070a800000, 0x000000070aa00000|  0%| F|  |TAMS 0x000000070a800000, 0x000000070a800000| Untracked 
|   2|0x000000070aa00000, 0x000000070aa00000, 0x000000070ac00000|  0%| F|  |TAMS 0x000000070aa00000, 0x000000070aa00000| Untracked 
|   3|0x000000070ac00000, 0x000000070ac00000, 0x000000070ae00000|  0%| F|  |TAMS 0x000000070ac00000, 0x000000070ac00000| Untracked 
|   4|0x000000070ae00000, 0x000000070ae00000, 0x000000070b000000|  0%| F|  |TAMS 0x000000070ae00000, 0x000000070ae00000| Untracked 
|   5|0x000000070b000000, 0x000000070b000000, 0x000000070b200000|  0%| F|  |TAMS 0x000000070b000000, 0x000000070b000000| Untracked 
|   6|0x000000070b200000, 0x000000070b200000, 0x000000070b400000|  0%| F|  |TAMS 0x000000070b200000, 0x000000070b200000| Untracked 
|   7|0x000000070b400000, 0x000000070b400000, 0x000000070b600000|  0%| F|  |TAMS 0x000000070b400000, 0x000000070b400000| Untracked 
|   8|0x000000070b600000, 0x000000070b600000, 0x000000070b800000|  0%| F|  |TAMS 0x000000070b600000, 0x000000070b600000| Untracked 
|   9|0x000000070b800000, 0x000000070b800000, 0x000000070ba00000|  0%| F|  |TAMS 0x000000070b800000, 0x000000070b800000| Untracked 
|  10|0x000000070ba00000, 0x000000070ba00000, 0x000000070bc00000|  0%| F|  |TAMS 0x000000070ba00000, 0x000000070ba00000| Untracked 
|  11|0x000000070bc00000, 0x000000070bc00000, 0x000000070be00000|  0%| F|  |TAMS 0x000000070bc00000, 0x000000070bc00000| Untracked 
|  12|0x000000070be00000, 0x000000070be00000, 0x000000070c000000|  0%| F|  |TAMS 0x000000070be00000, 0x000000070be00000| Untracked 
|  13|0x000000070c000000, 0x000000070c000000, 0x000000070c200000|  0%| F|  |TAMS 0x000000070c000000, 0x000000070c000000| Untracked 
|  14|0x000000070c200000, 0x000000070c200000, 0x000000070c400000|  0%| F|  |TAMS 0x000000070c200000, 0x000000070c200000| Untracked 
|  15|0x000000070c400000, 0x000000070c400000, 0x000000070c600000|  0%| F|  |TAMS 0x000000070c400000, 0x000000070c400000| Untracked 
|  16|0x000000070c600000, 0x000000070c600000, 0x000000070c800000|  0%| F|  |TAMS 0x000000070c600000, 0x000000070c600000| Untracked 
|  17|0x000000070c800000, 0x000000070c800000, 0x000000070ca00000|  0%| F|  |TAMS 0x000000070c800000, 0x000000070c800000| Untracked 
|  18|0x000000070ca00000, 0x000000070ca00000, 0x000000070cc00000|  0%| F|  |TAMS 0x000000070ca00000, 0x000000070ca00000| Untracked 
|  19|0x000000070cc00000, 0x000000070cc00000, 0x000000070ce00000|  0%| F|  |TAMS 0x000000070cc00000, 0x000000070cc00000| Untracked 
|  20|0x000000070ce00000, 0x000000070ce00000, 0x000000070d000000|  0%| F|  |TAMS 0x000000070ce00000, 0x000000070ce00000| Untracked 
|  21|0x000000070d000000, 0x000000070d000000, 0x000000070d200000|  0%| F|  |TAMS 0x000000070d000000, 0x000000070d000000| Untracked 
|  22|0x000000070d200000, 0x000000070d200000, 0x000000070d400000|  0%| F|  |TAMS 0x000000070d200000, 0x000000070d200000| Untracked 
|  23|0x000000070d400000, 0x000000070d400000, 0x000000070d600000|  0%| F|  |TAMS 0x000000070d400000, 0x000000070d400000| Untracked 
|  24|0x000000070d600000, 0x000000070d600000, 0x000000070d800000|  0%| F|  |TAMS 0x000000070d600000, 0x000000070d600000| Untracked 
|  25|0x000000070d800000, 0x000000070d800000, 0x000000070da00000|  0%| F|  |TAMS 0x000000070d800000, 0x000000070d800000| Untracked 
|  26|0x000000070da00000, 0x000000070da00000, 0x000000070dc00000|  0%| F|  |TAMS 0x000000070da00000, 0x000000070da00000| Untracked 
|  27|0x000000070dc00000, 0x000000070dc00000, 0x000000070de00000|  0%| F|  |TAMS 0x000000070dc00000, 0x000000070dc00000| Untracked 
|  28|0x000000070de00000, 0x000000070de00000, 0x000000070e000000|  0%| F|  |TAMS 0x000000070de00000, 0x000000070de00000| Untracked 
|  29|0x000000070e000000, 0x000000070e000000, 0x000000070e200000|  0%| F|  |TAMS 0x000000070e000000, 0x000000070e000000| Untracked 
|  30|0x000000070e200000, 0x000000070e200000, 0x000000070e400000|  0%| F|  |TAMS 0x000000070e200000, 0x000000070e200000| Untracked 
|  31|0x000000070e400000, 0x000000070e400000, 0x000000070e600000|  0%| F|  |TAMS 0x000000070e400000, 0x000000070e400000| Untracked 
|  32|0x000000070e600000, 0x000000070e600000, 0x000000070e800000|  0%| F|  |TAMS 0x000000070e600000, 0x000000070e600000| Untracked 
|  33|0x000000070e800000, 0x000000070e800000, 0x000000070ea00000|  0%| F|  |TAMS 0x000000070e800000, 0x000000070e800000| Untracked 
|  34|0x000000070ea00000, 0x000000070ea00000, 0x000000070ec00000|  0%| F|  |TAMS 0x000000070ea00000, 0x000000070ea00000| Untracked 
|  35|0x000000070ec00000, 0x000000070ec00000, 0x000000070ee00000|  0%| F|  |TAMS 0x000000070ec00000, 0x000000070ec00000| Untracked 
|  36|0x000000070ee00000, 0x000000070ee00000, 0x000000070f000000|  0%| F|  |TAMS 0x000000070ee00000, 0x000000070ee00000| Untracked 
|  37|0x000000070f000000, 0x000000070f000000, 0x000000070f200000|  0%| F|  |TAMS 0x000000070f000000, 0x000000070f000000| Untracked 
|  38|0x000000070f200000, 0x000000070f200000, 0x000000070f400000|  0%| F|  |TAMS 0x000000070f200000, 0x000000070f200000| Untracked 
|  39|0x000000070f400000, 0x000000070f400000, 0x000000070f600000|  0%| F|  |TAMS 0x000000070f400000, 0x000000070f400000| Untracked 
|  40|0x000000070f600000, 0x000000070f600000, 0x000000070f800000|  0%| F|  |TAMS 0x000000070f600000, 0x000000070f600000| Untracked 
|  41|0x000000070f800000, 0x000000070f800000, 0x000000070fa00000|  0%| F|  |TAMS 0x000000070f800000, 0x000000070f800000| Untracked 
|  42|0x000000070fa00000, 0x000000070fa00000, 0x000000070fc00000|  0%| F|  |TAMS 0x000000070fa00000, 0x000000070fa00000| Untracked 
|  43|0x000000070fc00000, 0x000000070fc00000, 0x000000070fe00000|  0%| F|  |TAMS 0x000000070fc00000, 0x000000070fc00000| Untracked 
|  44|0x000000070fe00000, 0x000000070fe00000, 0x0000000710000000|  0%| F|  |TAMS 0x000000070fe00000, 0x000000070fe00000| Untracked 
|  45|0x0000000710000000, 0x0000000710000000, 0x0000000710200000|  0%| F|  |TAMS 0x0000000710000000, 0x0000000710000000| Untracked 
|  46|0x0000000710200000, 0x0000000710200000, 0x0000000710400000|  0%| F|  |TAMS 0x0000000710200000, 0x0000000710200000| Untracked 
|  47|0x0000000710400000, 0x0000000710400000, 0x0000000710600000|  0%| F|  |TAMS 0x0000000710400000, 0x0000000710400000| Untracked 
|  48|0x0000000710600000, 0x0000000710600000, 0x0000000710800000|  0%| F|  |TAMS 0x0000000710600000, 0x0000000710600000| Untracked 
|  49|0x0000000710800000, 0x0000000710800000, 0x0000000710a00000|  0%| F|  |TAMS 0x0000000710800000, 0x0000000710800000| Untracked 
|  50|0x0000000710a00000, 0x0000000710a00000, 0x0000000710c00000|  0%| F|  |TAMS 0x0000000710a00000, 0x0000000710a00000| Untracked 
|  51|0x0000000710c00000, 0x0000000710c00000, 0x0000000710e00000|  0%| F|  |TAMS 0x0000000710c00000, 0x0000000710c00000| Untracked 
|  52|0x0000000710e00000, 0x0000000710e00000, 0x0000000711000000|  0%| F|  |TAMS 0x0000000710e00000, 0x0000000710e00000| Untracked 
|  53|0x0000000711000000, 0x0000000711000000, 0x0000000711200000|  0%| F|  |TAMS 0x0000000711000000, 0x0000000711000000| Untracked 
|  54|0x0000000711200000, 0x0000000711200000, 0x0000000711400000|  0%| F|  |TAMS 0x0000000711200000, 0x0000000711200000| Untracked 
|  55|0x0000000711400000, 0x0000000711400000, 0x0000000711600000|  0%| F|  |TAMS 0x0000000711400000, 0x0000000711400000| Untracked 
|  56|0x0000000711600000, 0x0000000711600000, 0x0000000711800000|  0%| F|  |TAMS 0x0000000711600000, 0x0000000711600000| Untracked 
|  57|0x0000000711800000, 0x0000000711800000, 0x0000000711a00000|  0%| F|  |TAMS 0x0000000711800000, 0x0000000711800000| Untracked 
|  58|0x0000000711a00000, 0x0000000711a00000, 0x0000000711c00000|  0%| F|  |TAMS 0x0000000711a00000, 0x0000000711a00000| Untracked 
|  59|0x0000000711c00000, 0x0000000711c00000, 0x0000000711e00000|  0%| F|  |TAMS 0x0000000711c00000, 0x0000000711c00000| Untracked 
|  60|0x0000000711e00000, 0x0000000711e00000, 0x0000000712000000|  0%| F|  |TAMS 0x0000000711e00000, 0x0000000711e00000| Untracked 
|  61|0x0000000712000000, 0x0000000712000000, 0x0000000712200000|  0%| F|  |TAMS 0x0000000712000000, 0x0000000712000000| Untracked 
|  62|0x0000000712200000, 0x0000000712200000, 0x0000000712400000|  0%| F|  |TAMS 0x0000000712200000, 0x0000000712200000| Untracked 
|  63|0x0000000712400000, 0x0000000712400000, 0x0000000712600000|  0%| F|  |TAMS 0x0000000712400000, 0x0000000712400000| Untracked 
|  64|0x0000000712600000, 0x0000000712600000, 0x0000000712800000|  0%| F|  |TAMS 0x0000000712600000, 0x0000000712600000| Untracked 
|  65|0x0000000712800000, 0x0000000712800000, 0x0000000712a00000|  0%| F|  |TAMS 0x0000000712800000, 0x0000000712800000| Untracked 
|  66|0x0000000712a00000, 0x0000000712a00000, 0x0000000712c00000|  0%| F|  |TAMS 0x0000000712a00000, 0x0000000712a00000| Untracked 
|  67|0x0000000712c00000, 0x0000000712c00000, 0x0000000712e00000|  0%| F|  |TAMS 0x0000000712c00000, 0x0000000712c00000| Untracked 
|  68|0x0000000712e00000, 0x0000000712e00000, 0x0000000713000000|  0%| F|  |TAMS 0x0000000712e00000, 0x0000000712e00000| Untracked 
|  69|0x0000000713000000, 0x0000000713000000, 0x0000000713200000|  0%| F|  |TAMS 0x0000000713000000, 0x0000000713000000| Untracked 
|  70|0x0000000713200000, 0x0000000713200000, 0x0000000713400000|  0%| F|  |TAMS 0x0000000713200000, 0x0000000713200000| Untracked 
|  71|0x0000000713400000, 0x0000000713400000, 0x0000000713600000|  0%| F|  |TAMS 0x0000000713400000, 0x0000000713400000| Untracked 
|  72|0x0000000713600000, 0x0000000713600000, 0x0000000713800000|  0%| F|  |TAMS 0x0000000713600000, 0x0000000713600000| Untracked 
|  73|0x0000000713800000, 0x0000000713800000, 0x0000000713a00000|  0%| F|  |TAMS 0x0000000713800000, 0x0000000713800000| Untracked 
|  74|0x0000000713a00000, 0x0000000713a00000, 0x0000000713c00000|  0%| F|  |TAMS 0x0000000713a00000, 0x0000000713a00000| Untracked 
|  75|0x0000000713c00000, 0x0000000713c00000, 0x0000000713e00000|  0%| F|  |TAMS 0x0000000713c00000, 0x0000000713c00000| Untracked 
|  76|0x0000000713e00000, 0x0000000713e00000, 0x0000000714000000|  0%| F|  |TAMS 0x0000000713e00000, 0x0000000713e00000| Untracked 
|  77|0x0000000714000000, 0x0000000714000000, 0x0000000714200000|  0%| F|  |TAMS 0x0000000714000000, 0x0000000714000000| Untracked 
|  78|0x0000000714200000, 0x0000000714200000, 0x0000000714400000|  0%| F|  |TAMS 0x0000000714200000, 0x0000000714200000| Untracked 
|  79|0x0000000714400000, 0x0000000714400000, 0x0000000714600000|  0%| F|  |TAMS 0x0000000714400000, 0x0000000714400000| Untracked 
|  80|0x0000000714600000, 0x0000000714600000, 0x0000000714800000|  0%| F|  |TAMS 0x0000000714600000, 0x0000000714600000| Untracked 
|  81|0x0000000714800000, 0x0000000714800000, 0x0000000714a00000|  0%| F|  |TAMS 0x0000000714800000, 0x0000000714800000| Untracked 
|  82|0x0000000714a00000, 0x0000000714a00000, 0x0000000714c00000|  0%| F|  |TAMS 0x0000000714a00000, 0x0000000714a00000| Untracked 
|  83|0x0000000714c00000, 0x0000000714c00000, 0x0000000714e00000|  0%| F|  |TAMS 0x0000000714c00000, 0x0000000714c00000| Untracked 
|  84|0x0000000714e00000, 0x0000000714e00000, 0x0000000715000000|  0%| F|  |TAMS 0x0000000714e00000, 0x0000000714e00000| Untracked 
|  85|0x0000000715000000, 0x0000000715000000, 0x0000000715200000|  0%| F|  |TAMS 0x0000000715000000, 0x0000000715000000| Untracked 
|  86|0x0000000715200000, 0x0000000715200000, 0x0000000715400000|  0%| F|  |TAMS 0x0000000715200000, 0x0000000715200000| Untracked 
|  87|0x0000000715400000, 0x0000000715400000, 0x0000000715600000|  0%| F|  |TAMS 0x0000000715400000, 0x0000000715400000| Untracked 
|  88|0x0000000715600000, 0x0000000715600000, 0x0000000715800000|  0%| F|  |TAMS 0x0000000715600000, 0x0000000715600000| Untracked 
|  89|0x0000000715800000, 0x0000000715800000, 0x0000000715a00000|  0%| F|  |TAMS 0x0000000715800000, 0x0000000715800000| Untracked 
|  90|0x0000000715a00000, 0x0000000715a00000, 0x0000000715c00000|  0%| F|  |TAMS 0x0000000715a00000, 0x0000000715a00000| Untracked 
|  91|0x0000000715c00000, 0x0000000715c00000, 0x0000000715e00000|  0%| F|  |TAMS 0x0000000715c00000, 0x0000000715c00000| Untracked 
|  92|0x0000000715e00000, 0x0000000715e00000, 0x0000000716000000|  0%| F|  |TAMS 0x0000000715e00000, 0x0000000715e00000| Untracked 
|  93|0x0000000716000000, 0x0000000716000000, 0x0000000716200000|  0%| F|  |TAMS 0x0000000716000000, 0x0000000716000000| Untracked 
|  94|0x0000000716200000, 0x0000000716200000, 0x0000000716400000|  0%| F|  |TAMS 0x0000000716200000, 0x0000000716200000| Untracked 
|  95|0x0000000716400000, 0x0000000716400000, 0x0000000716600000|  0%| F|  |TAMS 0x0000000716400000, 0x0000000716400000| Untracked 
|  96|0x0000000716600000, 0x0000000716701898, 0x0000000716800000| 50%| E|  |TAMS 0x0000000716600000, 0x0000000716600000| Complete 
|  97|0x0000000716800000, 0x0000000716a00000, 0x0000000716a00000|100%| E|CS|TAMS 0x0000000716800000, 0x0000000716800000| Complete 
|  98|0x0000000716a00000, 0x0000000716c00000, 0x0000000716c00000|100%| E|CS|TAMS 0x0000000716a00000, 0x0000000716a00000| Complete 
|  99|0x0000000716c00000, 0x0000000716c58590, 0x0000000716e00000| 17%| S|CS|TAMS 0x0000000716c00000, 0x0000000716c00000| Complete 
| 100|0x0000000716e00000, 0x0000000717000000, 0x0000000717000000|100%| S|CS|TAMS 0x0000000716e00000, 0x0000000716e00000| Complete 
| 101|0x0000000717000000, 0x0000000717200000, 0x0000000717200000|100%| S|CS|TAMS 0x0000000717000000, 0x0000000717000000| Complete 
| 102|0x0000000717200000, 0x0000000717400000, 0x0000000717400000|100%| E|CS|TAMS 0x0000000717200000, 0x0000000717200000| Complete 
| 103|0x0000000717400000, 0x0000000717600000, 0x0000000717600000|100%| E|CS|TAMS 0x0000000717400000, 0x0000000717400000| Complete 
| 104|0x0000000717600000, 0x0000000717800000, 0x0000000717800000|100%| E|CS|TAMS 0x0000000717600000, 0x0000000717600000| Complete 
| 105|0x0000000717800000, 0x0000000717a00000, 0x0000000717a00000|100%| E|CS|TAMS 0x0000000717800000, 0x0000000717800000| Complete 
| 106|0x0000000717a00000, 0x0000000717c00000, 0x0000000717c00000|100%| E|CS|TAMS 0x0000000717a00000, 0x0000000717a00000| Complete 
| 107|0x0000000717c00000, 0x0000000717e00000, 0x0000000717e00000|100%| E|CS|TAMS 0x0000000717c00000, 0x0000000717c00000| Complete 
| 108|0x0000000717e00000, 0x0000000718000000, 0x0000000718000000|100%| E|CS|TAMS 0x0000000717e00000, 0x0000000717e00000| Complete 
| 109|0x0000000718000000, 0x0000000718200000, 0x0000000718200000|100%| E|CS|TAMS 0x0000000718000000, 0x0000000718000000| Complete 
| 110|0x0000000718200000, 0x0000000718400000, 0x0000000718400000|100%| E|CS|TAMS 0x0000000718200000, 0x0000000718200000| Complete 
| 111|0x0000000718400000, 0x0000000718600000, 0x0000000718600000|100%| E|CS|TAMS 0x0000000718400000, 0x0000000718400000| Complete 
| 112|0x0000000718600000, 0x0000000718800000, 0x0000000718800000|100%| E|CS|TAMS 0x0000000718600000, 0x0000000718600000| Complete 
| 113|0x0000000718800000, 0x0000000718a00000, 0x0000000718a00000|100%| E|CS|TAMS 0x0000000718800000, 0x0000000718800000| Complete 
| 114|0x0000000718a00000, 0x0000000718c00000, 0x0000000718c00000|100%| E|CS|TAMS 0x0000000718a00000, 0x0000000718a00000| Complete 
| 115|0x0000000718c00000, 0x0000000718e00000, 0x0000000718e00000|100%| E|CS|TAMS 0x0000000718c00000, 0x0000000718c00000| Complete 
| 116|0x0000000718e00000, 0x0000000719000000, 0x0000000719000000|100%| E|CS|TAMS 0x0000000718e00000, 0x0000000718e00000| Complete 
| 117|0x0000000719000000, 0x0000000719200000, 0x0000000719200000|100%| E|CS|TAMS 0x0000000719000000, 0x0000000719000000| Complete 
| 118|0x0000000719200000, 0x0000000719400000, 0x0000000719400000|100%| E|CS|TAMS 0x0000000719200000, 0x0000000719200000| Complete 
| 119|0x0000000719400000, 0x0000000719600000, 0x0000000719600000|100%| E|CS|TAMS 0x0000000719400000, 0x0000000719400000| Complete 
| 120|0x0000000719600000, 0x0000000719800000, 0x0000000719800000|100%| E|CS|TAMS 0x0000000719600000, 0x0000000719600000| Complete 
| 121|0x0000000719800000, 0x0000000719a00000, 0x0000000719a00000|100%| E|CS|TAMS 0x0000000719800000, 0x0000000719800000| Complete 
| 122|0x0000000719a00000, 0x0000000719c00000, 0x0000000719c00000|100%| E|CS|TAMS 0x0000000719a00000, 0x0000000719a00000| Complete 

Card table byte_map: [0x00000296aa830000,0x00000296aafe0000] _byte_map_base: 0x00000296a6fdd000

Marking Bits (Prev, Next): (CMBitMap*) 0x0000029691133f10, (CMBitMap*) 0x0000029691133f50
 Prev Bits: [0x00000296ab790000, 0x00000296af4f8000)
 Next Bits: [0x00000296af500000, 0x00000296b3268000)

Polling page: 0x00000296911c0000

Metaspace:

Usage:
  Non-class:     15.70 MB used.
      Class:      2.41 MB used.
       Both:     18.11 MB used.

Virtual space:
  Non-class space:       24.00 MB reserved,      15.81 MB ( 66%) committed,  3 nodes.
      Class space:        1.00 GB reserved,       2.50 MB ( <1%) committed,  1 nodes.
             Both:        1.02 GB reserved,      18.31 MB (  2%) committed. 

Chunk freelists:
   Non-Class:  4.00 MB
       Class:  1.36 MB
        Both:  5.36 MB

MaxMetaspaceSize: unlimited
CompressedClassSpaceSize: 1.00 GB
Initial GC threshold: 21.00 MB
Current GC threshold: 21.00 MB
CDS: on
MetaspaceReclaimPolicy: balanced
 - commit_granule_bytes: 65536.
 - commit_granule_words: 8192.
 - virtual_space_node_default_size: 1048576.
 - enlarge_chunks_in_place: 1.
 - new_chunks_are_fully_committed: 0.
 - uncommit_free_chunks: 1.
 - use_allocation_guard: 0.
 - handle_deallocations: 1.


Internal statistics:

num_allocs_failed_limit: 0.
num_arena_births: 130.
num_arena_deaths: 0.
num_vsnodes_births: 4.
num_vsnodes_deaths: 0.
num_space_committed: 293.
num_space_uncommitted: 0.
num_chunks_returned_to_freelist: 0.
num_chunks_taken_from_freelist: 606.
num_chunk_merges: 0.
num_chunk_splits: 433.
num_chunks_enlarged: 337.
num_purges: 0.
num_inconsistent_stats: 0.

CodeHeap 'non-profiled nmethods': size=119168Kb used=192Kb max_used=192Kb free=118975Kb
 bounds [0x00000296a1c50000, 0x00000296a1ec0000, 0x00000296a90b0000]
CodeHeap 'profiled nmethods': size=119104Kb used=964Kb max_used=964Kb free=118139Kb
 bounds [0x000002969a800000, 0x000002969aa70000, 0x00000296a1c50000]
CodeHeap 'non-nmethods': size=7488Kb used=2438Kb max_used=2438Kb free=5049Kb
 bounds [0x000002969a0b0000, 0x000002969a320000, 0x000002969a800000]
 total_blobs=1157 nmethods=599 adapters=469
 compilation: enabled
              stopped_count=0, restarted_count=0
 full_count=0

Compilation events (20 events):
Event: 4.407 Thread 0x00000296b62e21a0  573   !   3       jdk.internal.misc.ScopedMemoryAccess::getByteInternal (36 bytes)
Event: 4.407 Thread 0x00000296b79cd0e0 nmethod 570 0x000002969a8ea990 code [0x000002969a8eabc0, 0x000002969a8eb438]
Event: 4.407 Thread 0x00000296b62e21a0 nmethod 573 0x000002969a8eb910 code [0x000002969a8ebac0, 0x000002969a8ebd68]
Event: 4.407 Thread 0x00000296b79cd0e0  583   !   3       java.nio.DirectIntBufferU::get (34 bytes)
Event: 4.407 Thread 0x00000296b62e21a0  584       3       java.nio.DirectIntBufferU::ix (10 bytes)
Event: 4.407 Thread 0x00000296b7a5d4e0 nmethod 582 0x000002969a8ebf10 code [0x000002969a8ec200, 0x000002969a8ed3a8]
Event: 4.407 Thread 0x00000296b7a5d4e0  585   !   3       jdk.internal.misc.ScopedMemoryAccess::getInt (20 bytes)
Event: 4.407 Thread 0x00000296b62e21a0 nmethod 584 0x000002969a8edb90 code [0x000002969a8edd20, 0x000002969a8ede38]
Event: 4.407 Thread 0x00000296b62e21a0  586   !   3       jdk.internal.misc.ScopedMemoryAccess::getIntInternal (36 bytes)
Event: 4.407 Thread 0x00000296b7a5d4e0 nmethod 585 0x000002969a8edf10 code [0x000002969a8ee100, 0x000002969a8ee5d8]
Event: 4.407 Thread 0x00000296b7a5d4e0  577       3       jdk.internal.jimage.ImageStringsReader::hashCode (33 bytes)
Event: 4.407 Thread 0x00000296b7a5d4e0 nmethod 577 0x000002969a8ee890 code [0x000002969a8eea40, 0x000002969a8eebb8]
Event: 4.407 Thread 0x00000296b79cd0e0 nmethod 583 0x000002969a8eec90 code [0x000002969a8eeee0, 0x000002969a8ef778]
Event: 4.407 Thread 0x00000296b7a5d4e0  587       3       java.util.concurrent.ConcurrentHashMap$ValueIterator::next (34 bytes)
Event: 4.407 Thread 0x00000296b79cd0e0  580       3       jdk.internal.jimage.ImageStringsReader::match (11 bytes)
Event: 4.407 Thread 0x00000296b62e21a0 nmethod 586 0x000002969a8efc90 code [0x000002969a8efe40, 0x000002969a8f00e8]
Event: 4.407 Thread 0x00000296b79cd0e0 nmethod 580 0x000002969a8f0290 code [0x000002969a8f0440, 0x000002969a8f0628]
Event: 4.407 Thread 0x00000296b62e21a0  581       3       jdk.internal.jimage.BasicImageReader::match (37 bytes)
Event: 4.407 Thread 0x00000296b7a5d4e0 nmethod 587 0x000002969a8f0710 code [0x000002969a8f08e0, 0x000002969a8f0b78]
Event: 4.408 Thread 0x00000296b62e21a0 nmethod 581 0x000002969a8f0c90 code [0x000002969a8f0e60, 0x000002969a8f1138]

GC Heap History (4 events):
Event: 2.133 GC heap before
{Heap before GC invocations=0 (full 0):
 garbage-first heap   total 251904K, used 20480K [0x000000070a600000, 0x0000000800000000)
  region size 2048K, 11 young (22528K), 0 survivors (0K)
 Metaspace       used 1963K, committed 2048K, reserved 1056768K
  class space    used 202K, committed 256K, reserved 1048576K
}
Event: 2.136 GC heap after
{Heap after GC invocations=1 (full 0):
 garbage-first heap   total 251904K, used 2214K [0x000000070a600000, 0x0000000800000000)
  region size 2048K, 2 young (4096K), 2 survivors (4096K)
 Metaspace       used 1963K, committed 2048K, reserved 1056768K
  class space    used 202K, committed 256K, reserved 1048576K
}
Event: 3.193 GC heap before
{Heap before GC invocations=1 (full 0):
 garbage-first heap   total 251904K, used 39078K [0x000000070a600000, 0x0000000800000000)
  region size 2048K, 21 young (43008K), 2 survivors (4096K)
 Metaspace       used 4767K, committed 4992K, reserved 1056768K
  class space    used 600K, committed 704K, reserved 1048576K
}
Event: 3.195 GC heap after
{Heap after GC invocations=2 (full 0):
 garbage-first heap   total 251904K, used 4449K [0x000000070a600000, 0x0000000800000000)
  region size 2048K, 3 young (6144K), 3 survivors (6144K)
 Metaspace       used 4767K, committed 4992K, reserved 1056768K
  class space    used 600K, committed 704K, reserved 1048576K
}

Deoptimization events (20 events):
Event: 0.232 Thread 0x00000296910e4350 Uncommon trap: trap_request=0xffffffde fr.pc=0x00000296a1c6b064 relative=0x0000000000000504
Event: 0.232 Thread 0x00000296910e4350 Uncommon trap: reason=class_check action=maybe_recompile pc=0x00000296a1c6b064 method=java.util.HashMap.putVal(ILjava/lang/Object;Ljava/lang/Object;ZZ)Ljava/lang/Object; @ 253 c2
Event: 0.232 Thread 0x00000296910e4350 DEOPT PACKING pc=0x00000296a1c6b064 sp=0x000000af8befe600
Event: 0.232 Thread 0x00000296910e4350 DEOPT UNPACKING pc=0x000002969a1023a3 sp=0x000000af8befe5c0 mode 2
Event: 0.256 Thread 0x00000296910e4350 Uncommon trap: trap_request=0xffffffbe fr.pc=0x00000296a1c678fc relative=0x000000000000045c
Event: 0.256 Thread 0x00000296910e4350 Uncommon trap: reason=profile_predicate action=maybe_recompile pc=0x00000296a1c678fc method=java.lang.StringLatin1.indexOf([BI[BII)I @ 18 c2
Event: 0.256 Thread 0x00000296910e4350 DEOPT PACKING pc=0x00000296a1c678fc sp=0x000000af8befec00
Event: 0.256 Thread 0x00000296910e4350 DEOPT UNPACKING pc=0x000002969a1023a3 sp=0x000000af8befeb70 mode 2
Event: 0.257 Thread 0x00000296910e4350 Uncommon trap: trap_request=0xffffffbe fr.pc=0x00000296a1c678fc relative=0x000000000000045c
Event: 0.257 Thread 0x00000296910e4350 Uncommon trap: reason=profile_predicate action=maybe_recompile pc=0x00000296a1c678fc method=java.lang.StringLatin1.indexOf([BI[BII)I @ 18 c2
Event: 0.257 Thread 0x00000296910e4350 DEOPT PACKING pc=0x00000296a1c678fc sp=0x000000af8befecc0
Event: 0.257 Thread 0x00000296910e4350 DEOPT UNPACKING pc=0x000002969a1023a3 sp=0x000000af8befec30 mode 2
Event: 0.257 Thread 0x00000296910e4350 Uncommon trap: trap_request=0xffffffbe fr.pc=0x00000296a1c678fc relative=0x000000000000045c
Event: 0.257 Thread 0x00000296910e4350 Uncommon trap: reason=profile_predicate action=maybe_recompile pc=0x00000296a1c678fc method=java.lang.StringLatin1.indexOf([BI[BII)I @ 18 c2
Event: 0.257 Thread 0x00000296910e4350 DEOPT PACKING pc=0x00000296a1c678fc sp=0x000000af8befec00
Event: 0.257 Thread 0x00000296910e4350 DEOPT UNPACKING pc=0x000002969a1023a3 sp=0x000000af8befeb70 mode 2
Event: 0.257 Thread 0x00000296910e4350 Uncommon trap: trap_request=0xffffffbe fr.pc=0x00000296a1c678fc relative=0x000000000000045c
Event: 0.257 Thread 0x00000296910e4350 Uncommon trap: reason=profile_predicate action=maybe_recompile pc=0x00000296a1c678fc method=java.lang.StringLatin1.indexOf([BI[BII)I @ 18 c2
Event: 0.257 Thread 0x00000296910e4350 DEOPT PACKING pc=0x00000296a1c678fc sp=0x000000af8befecc0
Event: 0.257 Thread 0x00000296910e4350 DEOPT UNPACKING pc=0x000002969a1023a3 sp=0x000000af8befec30 mode 2

Classes unloaded (0 events):
No events

Classes redefined (0 events):
No events

Internal exceptions (20 events):
Event: 0.227 Thread 0x00000296910e4350 Exception <a 'java/lang/IncompatibleClassChangeError'{0x00000007194754e0}: Found class java.lang.Object, but interface was expected> (0x00000007194754e0) 
thrown [t:\workspace\open\src\hotspot\share\interpreter\linkResolver.cpp, line 833]
Event: 0.242 Thread 0x00000296910e4350 Exception <a 'java/lang/NoSuchMethodError'{0x00000007194dcba0}: 'java.lang.Object java.lang.invoke.DirectMethodHandle$Holder.newInvokeSpecial(java.lang.Object, java.lang.Object, java.lang.Object, java.lang.Object, java.lang.Object)'> (0x00000007194dcba0) 
thrown [t:\workspace\open\src\hotspot\share\interpreter\linkResolver.cpp, line 766]
Event: 2.321 Thread 0x00000296910e4350 Exception <a 'java/lang/NoSuchMethodError'{0x0000000717c9ddb0}: 'java.lang.Object java.lang.invoke.DirectMethodHandle$Holder.invokeStatic(java.lang.Object, java.lang.Object, int)'> (0x0000000717c9ddb0) 
thrown [t:\workspace\open\src\hotspot\share\interpreter\linkResolver.cpp, line 766]
Event: 2.326 Thread 0x00000296910e4350 Exception <a 'java/lang/NoSuchMethodError'{0x0000000717ca9d48}: 'void java.lang.invoke.DelegatingMethodHandle$Holder.delegate(java.lang.Object, java.lang.Object, int, java.lang.Object)'> (0x0000000717ca9d48) 
thrown [t:\workspace\open\src\hotspot\share\interpreter\linkResolver.cpp, line 766]
Event: 2.328 Thread 0x00000296910e4350 Exception <a 'java/lang/NoSuchMethodError'{0x0000000717cae0e0}: 'int java.lang.invoke.DirectMethodHandle$Holder.invokeSpecial(java.lang.Object, java.lang.Object, java.lang.Object)'> (0x0000000717cae0e0) 
thrown [t:\workspace\open\src\hotspot\share\interpreter\linkResolver.cpp, line 766]
Event: 3.728 Thread 0x00000296910e4350 Exception <a 'java/lang/NoSuchMethodError'{0x0000000719446d90}: 'java.lang.Object java.lang.invoke.DirectMethodHandle$Holder.invokeStaticInit(java.lang.Object, int, int, int, int)'> (0x0000000719446d90) 
thrown [t:\workspace\open\src\hotspot\share\interpreter\linkResolver.cpp, line 766]
Event: 3.800 Thread 0x00000296910e4350 Exception <a 'java/lang/NoSuchMethodError'{0x00000007194e4a18}: 'java.lang.Object java.lang.invoke.DirectMethodHandle$Holder.invokeStaticInit(java.lang.Object, java.lang.Object, int, int, int, int)'> (0x00000007194e4a18) 
thrown [t:\workspace\open\src\hotspot\share\interpreter\linkResolver.cpp, line 766]
Event: 4.138 Thread 0x00000296910e4350 Exception <a 'java/lang/NoSuchMethodError'{0x00000007191204c8}: 'java.lang.Object java.lang.invoke.Invokers$Holder.invokeExact_MT(java.lang.Object, java.lang.Object, java.lang.Object, java.lang.Object, java.lang.Object, java.lang.Object)'> (0x00000007191204c8) 
thrown [t:\workspace\open\src\hotspot\share\interpreter\linkResolver.cpp, line 766]
Event: 4.475 Thread 0x00000296910e4350 Exception <a 'java/lang/NoSuchMethodError'{0x0000000718acd310}: 'java.lang.Object java.lang.invoke.DirectMethodHandle$Holder.invokeStaticInit(java.lang.Object)'> (0x0000000718acd310) 
thrown [t:\workspace\open\src\hotspot\share\interpreter\linkResolver.cpp, line 766]
Event: 4.569 Thread 0x00000296910e4350 Exception <a 'java/lang/NoSuchMethodError'{0x0000000718b84700}: 'void java.lang.invoke.DirectMethodHandle$Holder.invokeSpecial(java.lang.Object, java.lang.Object, java.lang.Object)'> (0x0000000718b84700) 
thrown [t:\workspace\open\src\hotspot\share\interpreter\linkResolver.cpp, line 766]
Event: 4.572 Thread 0x00000296910e4350 Exception <a 'java/lang/NoSuchMethodError'{0x0000000718b8b3a0}: 'void java.lang.invoke.DirectMethodHandle$Holder.invokeStatic(java.lang.Object, java.lang.Object, java.lang.Object)'> (0x0000000718b8b3a0) 
thrown [t:\workspace\open\src\hotspot\share\interpreter\linkResolver.cpp, line 766]
Event: 4.577 Thread 0x00000296910e4350 Exception <a 'java/lang/NoSuchMethodError'{0x0000000718b95830}: 'java.lang.Object java.lang.invoke.DirectMethodHandle$Holder.invokeVirtual(java.lang.Object, java.lang.Object, java.lang.Object)'> (0x0000000718b95830) 
thrown [t:\workspace\open\src\hotspot\share\interpreter\linkResolver.cpp, line 766]
Event: 4.856 Thread 0x00000296910e4350 Exception <a 'java/lang/NoSuchMethodError'{0x00000007187dc7a0}: 'void java.lang.invoke.DirectMethodHandle$Holder.invokeStatic(java.lang.Object, java.lang.Object)'> (0x00000007187dc7a0) 
thrown [t:\workspace\open\src\hotspot\share\interpreter\linkResolver.cpp, line 766]
Event: 4.947 Thread 0x00000296910e4350 Exception <a 'java/lang/NoSuchMethodError'{0x000000071853d0c8}: 'void java.lang.invoke.DirectMethodHandle$Holder.invokeStaticInit(java.lang.Object, java.lang.Object)'> (0x000000071853d0c8) 
thrown [t:\workspace\open\src\hotspot\share\interpreter\linkResolver.cpp, line 766]
Event: 5.211 Thread 0x00000296910e4350 Exception <a 'sun/nio/fs/WindowsException'{0x000000071837d950}> (0x000000071837d950) 
thrown [t:\workspace\open\src\hotspot\share\prims\jni.cpp, line 516]
Event: 5.242 Thread 0x00000296910e4350 Exception <a 'java/lang/NoSuchMethodError'{0x00000007183d5240}: 'int java.lang.invoke.DirectMethodHandle$Holder.invokeStaticInit(java.lang.Object, java.lang.Object, java.lang.Object, java.lang.Object)'> (0x00000007183d5240) 
thrown [t:\workspace\open\src\hotspot\share\interpreter\linkResolver.cpp, line 766]
Event: 5.245 Thread 0x00000296910e4350 Exception <a 'java/lang/IncompatibleClassChangeError'{0x00000007183de8f0}: Found class java.lang.Object, but interface was expected> (0x00000007183de8f0) 
thrown [t:\workspace\open\src\hotspot\share\interpreter\linkResolver.cpp, line 833]
Event: 5.248 Thread 0x00000296910e4350 Exception <a 'java/lang/NoSuchMethodError'{0x00000007183e5ae8}: 'int java.lang.invoke.DirectMethodHandle$Holder.invokeStaticInit(java.lang.Object, java.lang.Object)'> (0x00000007183e5ae8) 
thrown [t:\workspace\open\src\hotspot\share\interpreter\linkResolver.cpp, line 766]
Event: 6.099 Thread 0x00000296910e4350 Exception <a 'java/lang/NoSuchMethodError'{0x0000000717b66ce0}: 'void java.lang.invoke.DirectMethodHandle$Holder.invokeVirtual(java.lang.Object, java.lang.Object)'> (0x0000000717b66ce0) 
thrown [t:\workspace\open\src\hotspot\share\interpreter\linkResolver.cpp, line 766]
Event: 6.962 Thread 0x00000296910e4350 Exception <a 'java/lang/NoSuchMethodError'{0x000000071694db58}: 'java.lang.Object java.lang.invoke.DirectMethodHandle$Holder.newInvokeSpecial(java.lang.Object, java.lang.Object, int, java.lang.Object, java.lang.Object)'> (0x000000071694db58) 
thrown [t:\workspace\open\src\hotspot\share\interpreter\linkResolver.cpp, line 766]

VM Operations (20 events):
Event: 2.071 Executing VM operation: ChangeSingleStep
Event: 2.071 Executing VM operation: ChangeSingleStep done
Event: 2.071 Executing VM operation: ChangeSingleStep
Event: 2.071 Executing VM operation: ChangeSingleStep done
Event: 2.133 Executing VM operation: G1CollectForAllocation
Event: 2.136 Executing VM operation: G1CollectForAllocation done
Event: 2.320 Executing VM operation: HandshakeAllThreads
Event: 2.320 Executing VM operation: HandshakeAllThreads done
Event: 3.193 Executing VM operation: G1CollectForAllocation
Event: 3.195 Executing VM operation: G1CollectForAllocation done
Event: 3.380 Executing VM operation: HandshakeAllThreads
Event: 3.380 Executing VM operation: HandshakeAllThreads done
Event: 3.607 Executing VM operation: HandshakeAllThreads
Event: 3.607 Executing VM operation: HandshakeAllThreads done
Event: 3.759 Executing VM operation: HandshakeAllThreads
Event: 3.759 Executing VM operation: HandshakeAllThreads done
Event: 4.507 Executing VM operation: HandshakeAllThreads
Event: 4.508 Executing VM operation: HandshakeAllThreads done
Event: 4.508 Executing VM operation: Cleanup
Event: 4.508 Executing VM operation: Cleanup done

Events (20 events):
Event: 7.015 loading class org/hibernate/event/service/spi/EventListenerRegistry
Event: 7.015 loading class org/hibernate/event/service/spi/EventListenerRegistry done
Event: 7.017 loading class org/hibernate/jpa/event/internal/CallbackRegistryImpl
Event: 7.017 loading class org/hibernate/jpa/event/internal/CallbackRegistryImpl done
Event: 7.020 loading class org/hibernate/event/service/internal/EventListenerRegistryImpl$Builder
Event: 7.020 loading class org/hibernate/event/service/internal/EventListenerRegistryImpl$Builder done
Event: 7.021 loading class org/hibernate/event/service/internal/EventListenerGroupImpl
Event: 7.021 loading class org/hibernate/event/service/internal/EventListenerGroupImpl done
Event: 7.022 loading class org/hibernate/event/service/spi/EventListenerGroup
Event: 7.022 loading class org/hibernate/event/service/spi/EventListenerGroup done
Event: 7.023 loading class org/hibernate/event/service/internal/PostCommitEventListenerGroupImpl
Event: 7.023 loading class org/hibernate/event/service/internal/PostCommitEventListenerGroupImpl done
Event: 7.025 loading class org/hibernate/event/service/internal/EventListenerRegistryImpl
Event: 7.025 loading class org/hibernate/event/service/internal/EventListenerRegistryImpl done
Event: 7.026 loading class org/hibernate/event/spi/EventType
Event: 7.026 loading class org/hibernate/event/spi/EventType done
Event: 7.028 loading class org/hibernate/event/spi/EventType
Event: 7.028 loading class org/hibernate/event/spi/EventType done
Event: 7.028 loading class java/lang/invoke/MethodHandle$1
Event: 7.028 loading class java/lang/invoke/MethodHandle$1 done


Dynamic libraries:
0x00007ff64b920000 - 0x00007ff64b92e000 	D:\jdk-17.0.1\bin\java.exe
0x00007ff94b5a0000 - 0x00007ff94b7a7000 	C:\WINDOWS\SYSTEM32\ntdll.dll
0x00007ff94a370000 - 0x00007ff94a42d000 	C:\WINDOWS\System32\KERNEL32.DLL
0x00007ff948c20000 - 0x00007ff948f94000 	C:\WINDOWS\System32\KERNELBASE.dll
0x00007ff948a80000 - 0x00007ff948b91000 	C:\WINDOWS\System32\ucrtbase.dll
0x00007ff92c0a0000 - 0x00007ff92c0b8000 	D:\jdk-17.0.1\bin\jli.dll
0x00007ff930980000 - 0x00007ff93099a000 	D:\jdk-17.0.1\bin\VCRUNTIME140.dll
0x00007ff9494f0000 - 0x00007ff94969c000 	C:\WINDOWS\System32\USER32.dll
0x00007ff9492e0000 - 0x00007ff949306000 	C:\WINDOWS\System32\win32u.dll
0x00007ff94a340000 - 0x00007ff94a369000 	C:\WINDOWS\System32\GDI32.dll
0x00007ff947770000 - 0x00007ff947a15000 	C:\WINDOWS\WinSxS\amd64_microsoft.windows.common-controls_6595b64144ccf1df_6.0.22000.120_none_9d947278b86cc467\COMCTL32.dll
0x00007ff949310000 - 0x00007ff949422000 	C:\WINDOWS\System32\gdi32full.dll
0x00007ff948fa0000 - 0x00007ff94903d000 	C:\WINDOWS\System32\msvcp_win.dll
0x00007ff94a4e0000 - 0x00007ff94a583000 	C:\WINDOWS\System32\msvcrt.dll
0x00007ff94a440000 - 0x00007ff94a471000 	C:\WINDOWS\System32\IMM32.DLL
0x00007ff944330000 - 0x00007ff94433c000 	D:\jdk-17.0.1\bin\vcruntime140_1.dll
0x00007ff9268f0000 - 0x00007ff92697d000 	D:\jdk-17.0.1\bin\msvcp140.dll
0x00007ff8de870000 - 0x00007ff8df42e000 	D:\jdk-17.0.1\bin\server\jvm.dll
0x00007ff94b4b0000 - 0x00007ff94b55c000 	C:\WINDOWS\System32\ADVAPI32.dll
0x00007ff94a590000 - 0x00007ff94a62d000 	C:\WINDOWS\System32\sechost.dll
0x00007ff94b110000 - 0x00007ff94b231000 	C:\WINDOWS\System32\RPCRT4.dll
0x00007ff949740000 - 0x00007ff949748000 	C:\WINDOWS\System32\PSAPI.DLL
0x00007ff940140000 - 0x00007ff94014a000 	C:\WINDOWS\SYSTEM32\VERSION.dll
0x00007ff944b90000 - 0x00007ff944b99000 	C:\WINDOWS\SYSTEM32\WSOCK32.dll
0x00007ff946d50000 - 0x00007ff946d83000 	C:\WINDOWS\SYSTEM32\WINMM.dll
0x00007ff9496c0000 - 0x00007ff94972f000 	C:\WINDOWS\System32\WS2_32.dll
0x00007ff947c20000 - 0x00007ff947c38000 	C:\WINDOWS\SYSTEM32\kernel.appcore.dll
0x00007ff943ec0000 - 0x00007ff943eca000 	D:\jdk-17.0.1\bin\jimage.dll
0x00007ff9462b0000 - 0x00007ff9464d1000 	C:\WINDOWS\SYSTEM32\DBGHELP.DLL
0x00007ff938a40000 - 0x00007ff938a71000 	C:\WINDOWS\SYSTEM32\dbgcore.DLL
0x00007ff948ba0000 - 0x00007ff948c20000 	C:\WINDOWS\System32\bcryptPrimitives.dll
0x00007ff918720000 - 0x00007ff91875b000 	D:\jdk-17.0.1\bin\jdwp.dll
0x00007ff944430000 - 0x00007ff94443e000 	D:\jdk-17.0.1\bin\instrument.dll
0x00007ff927c20000 - 0x00007ff927c45000 	D:\jdk-17.0.1\bin\java.dll
0x00007ff9279d0000 - 0x00007ff9279e8000 	D:\jdk-17.0.1\bin\zip.dll
0x00007ff923f90000 - 0x00007ff924066000 	D:\jdk-17.0.1\bin\svml.dll
0x00007ff94a6d0000 - 0x00007ff94ae79000 	C:\WINDOWS\System32\SHELL32.dll
0x00007ff946f00000 - 0x00007ff947762000 	C:\WINDOWS\SYSTEM32\windows.storage.dll
0x00007ff949fc0000 - 0x00007ff94a338000 	C:\WINDOWS\System32\combase.dll
0x00007ff946d90000 - 0x00007ff946ef6000 	C:\WINDOWS\SYSTEM32\wintypes.dll
0x00007ff949bc0000 - 0x00007ff949caa000 	C:\WINDOWS\System32\SHCORE.dll
0x00007ff949490000 - 0x00007ff9494ed000 	C:\WINDOWS\System32\shlwapi.dll
0x00007ff9489b0000 - 0x00007ff9489d1000 	C:\WINDOWS\SYSTEM32\profapi.dll
0x00007ff9443e0000 - 0x00007ff9443ec000 	D:\jdk-17.0.1\bin\dt_socket.dll
0x00007ff9469e0000 - 0x00007ff946a0d000 	C:\WINDOWS\SYSTEM32\IPHLPAPI.DLL
0x00007ff948030000 - 0x00007ff948097000 	C:\WINDOWS\system32\mswsock.dll
0x00007ff92a7f0000 - 0x00007ff92a809000 	D:\jdk-17.0.1\bin\net.dll
0x00007ff943d20000 - 0x00007ff943e2c000 	C:\WINDOWS\SYSTEM32\WINHTTP.dll
0x00007ff927a50000 - 0x00007ff927a65000 	D:\jdk-17.0.1\bin\nio.dll
0x00007ff937e40000 - 0x00007ff937e50000 	D:\jdk-17.0.1\bin\verify.dll
0x00007ff9482f0000 - 0x00007ff948308000 	C:\WINDOWS\SYSTEM32\CRYPTSP.dll
0x0000000067ad0000 - 0x0000000067ae9000 	C:\Program Files\Common Files\Crypto Pro\AppCompat\cpadvai.dll
0x00007ff947b80000 - 0x00007ff947bb5000 	C:\WINDOWS\system32\rsaenh.dll
0x00007ff948130000 - 0x00007ff948159000 	C:\WINDOWS\SYSTEM32\USERENV.dll
0x00007ff948470000 - 0x00007ff948497000 	C:\WINDOWS\SYSTEM32\bcrypt.dll
0x00007ff948310000 - 0x00007ff94831c000 	C:\WINDOWS\SYSTEM32\CRYPTBASE.dll
0x00007ff94a630000 - 0x00007ff94a639000 	C:\WINDOWS\System32\NSI.dll
0x00007ff942140000 - 0x00007ff942159000 	C:\WINDOWS\SYSTEM32\dhcpcsvc6.DLL
0x00007ff942350000 - 0x00007ff94236e000 	C:\WINDOWS\SYSTEM32\dhcpcsvc.DLL
0x00007ff946a10000 - 0x00007ff946af7000 	C:\WINDOWS\SYSTEM32\DNSAPI.dll
0x0000000067700000 - 0x0000000067726000 	C:\Program Files\Bonjour\mdnsNSP.dll
0x00007ff941830000 - 0x00007ff94183a000 	C:\Windows\System32\rasadhlp.dll
0x00007ff9419d0000 - 0x00007ff941a51000 	C:\WINDOWS\System32\fwpuclnt.dll
0x00007ff943ed0000 - 0x00007ff943ede000 	D:\jdk-17.0.1\bin\sunmscapi.dll
0x00007ff949170000 - 0x00007ff9492d2000 	C:\WINDOWS\System32\CRYPT32.dll
0x00007ff948440000 - 0x00007ff948468000 	C:\WINDOWS\SYSTEM32\ncrypt.dll
0x0000000067af0000 - 0x0000000067b15000 	C:\Program Files\Common Files\Crypto Pro\AppCompat\cpcrypt.dll
0x00007ff948400000 - 0x00007ff948437000 	C:\WINDOWS\SYSTEM32\NTASN1.dll

dbghelp: loaded successfully - version: 4.0.5 - missing functions: none
symbol engine: initialized successfully - sym options: 0x614 - pdb path: .;D:\jdk-17.0.1\bin;C:\WINDOWS\SYSTEM32;C:\WINDOWS\WinSxS\amd64_microsoft.windows.common-controls_6595b64144ccf1df_6.0.22000.120_none_9d947278b86cc467;D:\jdk-17.0.1\bin\server;C:\Program Files\Common Files\Crypto Pro\AppCompat;C:\Program Files\Bonjour

VM Arguments:
jvm_args: -agentlib:jdwp=transport=dt_socket,address=127.0.0.1:63744,suspend=y,server=n -ea -Didea.test.cyclic.buffer.size=1048576 -javaagent:C:\Users\User\AppData\Local\JetBrains\IntelliJIdea2022.2\captureAgent\debugger-agent.jar -Dfile.encoding=UTF-8 
java_command: com.intellij.rt.junit.JUnitStarter -ideVersion5 -junit4 UserServiceTest
java_class_path (initial): F:\IntelliJ IDEA 2022.2.1\lib\idea_rt.jar;F:\IntelliJ IDEA 2022.2.1\plugins\junit\lib\junit5-rt.jar;F:\IntelliJ IDEA 2022.2.1\plugins\junit\lib\junit-rt.jar;F:\PP_1_1_3-4_JDBC_Hibernate\target\test-classes;F:\PP_1_1_3-4_JDBC_Hibernate\target\classes;C:\Users\User\.m2\repository\junit\junit\4.13.2\junit-4.13.2.jar;C:\Users\User\.m2\repository\org\hamcrest\hamcrest-core\1.3\hamcrest-core-1.3.jar;C:\Users\User\.m2\repository\mysql\mysql-connector-java\8.0.25\mysql-connector-java-8.0.25.jar;C:\Users\User\.m2\repository\com\google\protobuf\protobuf-java\3.11.4\protobuf-java-3.11.4.jar;C:\Users\User\.m2\repository\org\hibernate\javax\persistence\hibernate-jpa-2.1-api\1.0.2.Final\hibernate-jpa-2.1-api-1.0.2.Final.jar;C:\Users\User\.m2\repository\org\hibernate\hibernate-core\5.6.3.Final\hibernate-core-5.6.3.Final.jar;C:\Users\User\.m2\repository\org\jboss\logging\jboss-logging\3.4.2.Final\jboss-logging-3.4.2.Final.jar;C:\Users\User\.m2\repository\javax\persistence\javax.persistence-api\2.2\javax.persistence-api-2.2.jar;C:\Users\User\.m2\repository\net\bytebuddy\byte-buddy\1.11.20\byte-buddy-1.11.20.jar;C:\Users\User\.m2\repository\antlr\antlr\2.7.7\antlr-2.7.7.jar;C:\Users\User\.m2\repository\org\jboss\spec\javax\transaction\jboss-transaction-api_1.2_spec\1.1.1.Final\jboss-transaction-api_1.2_spec-1.1.1.Final.jar;C:\Users\User\.m2\repository\org\jboss\jandex\2.2.3.Final\jandex-2.2.3.Final.jar;C:\Users\User\.m2\repository\com\fasterxml\classmate\1.5.1\classmate-1.5.1.jar;C:\Users\User\.m2\repository\javax\activation\javax.activation-api\1.2.0\javax.activation-api-1.2.0.jar;C:\Users\User\.m2\repository\org\hibernate\common\hibernate-commons-annotations\5.1.2.Final\hibernate-commons-annotations-5.1.2.Final.jar;C:\Users\User\.m2\repository\javax\xml\bind\jaxb-api\2.3.1\jaxb-api-2.3.1.jar;C:\Users\User\.m2\repository\org\glassfish\jaxb\jaxb-runtime\2.3.1\jaxb-runtime-2.3.1.jar;C:\Users\User\.m2\repository\org\glassfish\jaxb\txw2\2.3.1\txw2-2.3.1.jar;
Launcher Type: SUN_STANDARD

[Global flags]
     intx CICompilerCount                          = 12                                        {product} {ergonomic}
     uint ConcGCThreads                            = 3                                         {product} {ergonomic}
     uint G1ConcRefinementThreads                  = 13                                        {product} {ergonomic}
   size_t G1HeapRegionSize                         = 2097152                                   {product} {ergonomic}
    uintx GCDrainStackTargetSize                   = 64                                        {product} {ergonomic}
   size_t InitialHeapSize                          = 257949696                                 {product} {ergonomic}
   size_t MarkStackSize                            = 4194304                                   {product} {ergonomic}
   size_t MaxHeapSize                              = 4120903680                                {product} {ergonomic}
   size_t MaxNewSize                               = 2472542208                                {product} {ergonomic}
   size_t MinHeapDeltaBytes                        = 2097152                                   {product} {ergonomic}
   size_t MinHeapSize                              = 8388608                                   {product} {ergonomic}
    uintx NonNMethodCodeHeapSize                   = 7602480                                {pd product} {ergonomic}
    uintx NonProfiledCodeHeapSize                  = 122027880                              {pd product} {ergonomic}
    uintx ProfiledCodeHeapSize                     = 122027880                              {pd product} {ergonomic}
    uintx ReservedCodeCacheSize                    = 251658240                              {pd product} {ergonomic}
     bool SegmentedCodeCache                       = true                                      {product} {ergonomic}
   size_t SoftMaxHeapSize                          = 4120903680                             {manageable} {ergonomic}
     bool UseCompressedClassPointers               = true                           {product lp64_product} {ergonomic}
     bool UseCompressedOops                        = true                           {product lp64_product} {ergonomic}
     bool UseG1GC                                  = true                                      {product} {ergonomic}
     bool UseLargePagesIndividualAllocation        = false                                  {pd product} {ergonomic}

Logging:
Log output configuration:
 #0: stdout all=warning uptime,level,tags
 #1: stderr all=off uptime,level,tags

Environment Variables:
PATH=C:\Users\User\gcc\bin;C:\Users\User\gcc\libexec\gcc\x86_64-w64-mingw32\9.2.0;C:\WINDOWS\system32;C:\WINDOWS;C:\WINDOWS\System32\Wbem;C:\WINDOWS\System32\WindowsPowerShell\v1.0\;C:\WINDOWS\System32\OpenSSH\;C:\Program Files\dotnet\;C:\Program Files\Git\cmd;C:\Users\User\doctest-2.4.8\doctest;C:\Program Files\mingw64\bin;C:\Program Files\Microsoft SQL Server\Client SDK\ODBC\170\Tools\Binn\;C:\Program Files (x86)\Microsoft SQL Server\150\Tools\Binn\;C:\Program Files\Microsoft SQL Server\150\Tools\Binn\;C:\Program Files\Microsoft SQL Server\150\DTS\Binn\;C:\Users\User\AppData\Local\Microsoft\WindowsApps;C:\Program Files\JetBrains\PyCharm 2020.1\bin;C:\Users\User\.dotnet\tools;C:\Users\User\AppData\Local\Programs\Microsoft VS Code\bin;D:\IntelliJ IDEA Community Edition 2022.1.3\bin;C:\Users\User\AppData\Local\GitHubDesktop\bin;F:\IntelliJ IDEA 2022.2.1\bin;F:\CLion 2022.2.3\bin;C:\Users\User\AppData\Local\JetBrains\Toolbox\scripts;
USERNAME=User
OS=Windows_NT
PROCESSOR_IDENTIFIER=AMD64 Family 23 Model 104 Stepping 1, AuthenticAMD



---------------  S Y S T E M  ---------------

OS:
 Windows 10 , 64 bit Build 22000 (10.0.22000.120)
OS uptime: 2 days 23:13 hours

CPU: total 16 (initial active 16) (16 cores per cpu, 2 threads per core) family 23 model 104 stepping 1 microcode 0x0, cx8, cmov, fxsr, ht, mmx, 3dnowpref, sse, sse2, sse3, ssse3, sse4a, sse4.1, sse4.2, popcnt, lzcnt, tsc, tscinvbit, avx, avx2, aes, clmul, bmi1, bmi2, adx, sha, fma, vzeroupper, clflush, clflushopt

Memory: 4k page, system-wide physical 15712M (2854M free)
TotalPageFile size 19712M (AvailPageFile size 4M)
current process WorkingSet (physical memory assigned to process): 117M, peak: 117M
current process commit charge ("private bytes"): 373M, peak: 373M

vm_info: OpenJDK 64-Bit Server VM (17.0.1+12-39) for windows-amd64 JRE (17.0.1+12-39), built on Sep 27 2021 18:39:29 by "mach5one" with MS VC++ 16.8 (VS2019)

END.
