#
# There is insufficient memory for the Java Runtime Environment to continue.
# Native memory allocation (malloc) failed to allocate 1045280 bytes for Chunk::new
# Possible reasons:
#   The system is out of physical RAM or swap space
#   The process is running with CompressedOops enabled, and the Java Heap may be blocking the growth of the native heap
# Possible solutions:
#   Reduce memory load on the system
#   Increase physical memory or swap space
#   Check if swap backing store is full
#   Decrease Java heap size (-Xmx/-Xms)
#   Decrease number of Java threads
#   Decrease Java thread stack sizes (-Xss)
#   Set larger code cache with -XX:ReservedCodeCacheSize=
#   JVM is running with Zero Based Compressed Oops mode in which the Java heap is
#     placed in the first 32GB address space. The Java Heap base address is the
#     maximum limit for the native heap growth. Please use -XX:HeapBaseMinAddress
#     to set the Java Heap base and to place the Java Heap above 32GB virtual address.
# This output file may be truncated or incomplete.
#
#  Out of Memory Error (arena.cpp:189), pid=2432, tid=11840
#
# JRE version: OpenJDK Runtime Environment (17.0.1+12) (build 17.0.1+12-39)
# Java VM: OpenJDK 64-Bit Server VM (17.0.1+12-39, mixed mode, sharing, tiered, compressed oops, compressed class ptrs, g1 gc, windows-amd64)
# No core dump will be written. Minidumps are not enabled by default on client versions of Windows
#

---------------  S U M M A R Y ------------

Command Line: -agentlib:jdwp=transport=dt_socket,address=127.0.0.1:57568,suspend=y,server=n -ea -Didea.test.cyclic.buffer.size=1048576 -javaagent:C:\Users\User\AppData\Local\JetBrains\IntelliJIdea2022.2\captureAgent\debugger-agent.jar -Dfile.encoding=UTF-8 com.intellij.rt.junit.JUnitStarter -ideVersion5 UserServiceTest

Host: AMD Ryzen 7 5700U with Radeon Graphics         , 16 cores, 15G,  Windows 10 , 64 bit Build 22000 (10.0.22000.120)
Time: Wed Oct 26 21:22:25 2022 RTZ 2 (s 10 , 64 bit Build 22000 (10.0.22000.120) elapsed time: 2.101347 seconds (0d 0h 0m 2s)

---------------  T H R E A D  ---------------

Current thread (0x000001bcd3049e30):  JavaThread "C2 CompilerThread2" daemon [_thread_in_native, id=11840, stack(0x00000072eb000000,0x00000072eb100000)]


Current CompileTask:
C2:   2101 1291       4       java.net.URLStreamHandler::parseURL (1201 bytes)

Stack: [0x00000072eb000000,0x00000072eb100000]
Native frames: (J=compiled Java code, j=interpreted, Vv=VM code, C=native code)
V  [jvm.dll+0x66fa1a]
V  [jvm.dll+0x7ce5a4]
V  [jvm.dll+0x7cfd4e]
V  [jvm.dll+0x7d03b3]
V  [jvm.dll+0x242b05]
V  [jvm.dll+0xaa05b]
V  [jvm.dll+0xaa5ec]
V  [jvm.dll+0x35fa07]
V  [jvm.dll+0x1b9732]
V  [jvm.dll+0x215d49]
V  [jvm.dll+0x215011]
V  [jvm.dll+0x1a168d]
V  [jvm.dll+0x224848]
V  [jvm.dll+0x2229ac]
V  [jvm.dll+0x78435b]
V  [jvm.dll+0x77e91a]
V  [jvm.dll+0x66e845]
C  [ucrtbase.dll+0x26c0c]
C  [KERNEL32.DLL+0x154e0]
C  [ntdll.dll+0x485b]


---------------  P R O C E S S  ---------------

Threads class SMR info:
_java_thread_list=0x000001bcd2e02db0, length=20, elements={
0x000001bcac5e83e0, 0x000001bcd17c0120, 0x000001bcd17c0d90, 0x000001bcd17d8d20,
0x000001bcd17d96d0, 0x000001bcd17da290, 0x000001bcd17db450, 0x000001bcd17e4400,
0x000001bcd17e6920, 0x000001bcd17f59d0, 0x000001bcd2227820, 0x000001bcd222c980,
0x000001bcd2235660, 0x000001bcd22f7b30, 0x000001bcd22ee890, 0x000001bcd22eed80,
0x000001bcd22299d0, 0x000001bcd2c4ec10, 0x000001bcd2226e80, 0x000001bcd3049e30
}

Java Threads: ( => current thread )
  0x000001bcac5e83e0 JavaThread "main" [_thread_in_vm, id=3740, stack(0x00000072e8a00000,0x00000072e8b00000)]
  0x000001bcd17c0120 JavaThread "Reference Handler" daemon [_thread_blocked, id=16508, stack(0x00000072e9100000,0x00000072e9200000)]
  0x000001bcd17c0d90 JavaThread "Finalizer" daemon [_thread_blocked, id=17784, stack(0x00000072e9200000,0x00000072e9300000)]
  0x000001bcd17d8d20 JavaThread "Signal Dispatcher" daemon [_thread_blocked, id=4200, stack(0x00000072e9300000,0x00000072e9400000)]
  0x000001bcd17d96d0 JavaThread "Attach Listener" daemon [_thread_blocked, id=11092, stack(0x00000072e9400000,0x00000072e9500000)]
  0x000001bcd17da290 JavaThread "Service Thread" daemon [_thread_blocked, id=20136, stack(0x00000072e9500000,0x00000072e9600000)]
  0x000001bcd17db450 JavaThread "Monitor Deflation Thread" daemon [_thread_blocked, id=16356, stack(0x00000072e9600000,0x00000072e9700000)]
  0x000001bcd17e4400 JavaThread "C2 CompilerThread0" daemon [_thread_blocked, id=7084, stack(0x00000072e9700000,0x00000072e9800000)]
  0x000001bcd17e6920 JavaThread "C1 CompilerThread0" daemon [_thread_blocked, id=15688, stack(0x00000072e9800000,0x00000072e9900000)]
  0x000001bcd17f59d0 JavaThread "Sweeper thread" daemon [_thread_blocked, id=19236, stack(0x00000072e9900000,0x00000072e9a00000)]
  0x000001bcd2227820 JavaThread "Common-Cleaner" daemon [_thread_blocked, id=11496, stack(0x00000072e9a00000,0x00000072e9b00000)]
  0x000001bcd222c980 JavaThread "C1 CompilerThread1" daemon [_thread_blocked, id=18080, stack(0x00000072e9b00000,0x00000072e9c00000)]
  0x000001bcd2235660 JavaThread "C1 CompilerThread2" daemon [_thread_blocked, id=21184, stack(0x00000072e9c00000,0x00000072e9d00000)]
  0x000001bcd22f7b30 JavaThread "JDWP Transport Listener: dt_socket" daemon [_thread_blocked, id=17632, stack(0x00000072e9e00000,0x00000072e9f00000)]
  0x000001bcd22ee890 JavaThread "JDWP Event Helper Thread" daemon [_thread_blocked, id=9128, stack(0x00000072e9f00000,0x00000072ea000000)]
  0x000001bcd22eed80 JavaThread "JDWP Command Reader" daemon [_thread_in_native, id=17052, stack(0x00000072ea000000,0x00000072ea100000)]
  0x000001bcd22299d0 JavaThread "Notification Thread" daemon [_thread_blocked, id=6100, stack(0x00000072e9d00000,0x00000072e9e00000)]
  0x000001bcd2c4ec10 JavaThread "C2 CompilerThread1" daemon [_thread_blocked, id=17248, stack(0x00000072eae00000,0x00000072eaf00000)]
  0x000001bcd2226e80 JavaThread "mysql-cj-abandoned-connection-cleanup" daemon [_thread_blocked, id=15692, stack(0x00000072eaf00000,0x00000072eb000000)]
=>0x000001bcd3049e30 JavaThread "C2 CompilerThread2" daemon [_thread_in_native, id=11840, stack(0x00000072eb000000,0x00000072eb100000)]

Other Threads:
  0x000001bcd17bc630 VMThread "VM Thread" [stack: 0x00000072e9000000,0x00000072e9100000] [id=18948]
  0x000001bcac66fec0 WatcherThread [stack: 0x00000072ea100000,0x00000072ea200000] [id=18440]
  0x000001bcac632ba0 GCTaskThread "GC Thread#0" [stack: 0x00000072e8b00000,0x00000072e8c00000] [id=21272]
  0x000001bcd23bade0 GCTaskThread "GC Thread#1" [stack: 0x00000072ea200000,0x00000072ea300000] [id=2056]
  0x000001bcd23bb090 GCTaskThread "GC Thread#2" [stack: 0x00000072ea300000,0x00000072ea400000] [id=3588]
  0x000001bcd2a26450 GCTaskThread "GC Thread#3" [stack: 0x00000072ea400000,0x00000072ea500000] [id=20432]
  0x000001bcd2a27750 GCTaskThread "GC Thread#4" [stack: 0x00000072ea500000,0x00000072ea600000] [id=16752]
  0x000001bcd2a4d310 GCTaskThread "GC Thread#5" [stack: 0x00000072ea600000,0x00000072ea700000] [id=18664]
  0x000001bcd2a4d5c0 GCTaskThread "GC Thread#6" [stack: 0x00000072ea700000,0x00000072ea800000] [id=20704]
  0x000001bcd2a4d870 GCTaskThread "GC Thread#7" [stack: 0x00000072ea800000,0x00000072ea900000] [id=6492]
  0x000001bcd2c50b50 GCTaskThread "GC Thread#8" [stack: 0x00000072ea900000,0x00000072eaa00000] [id=15112]
  0x000001bcd2c51210 GCTaskThread "GC Thread#9" [stack: 0x00000072eaa00000,0x00000072eab00000] [id=14092]
  0x000001bcd2c514c0 GCTaskThread "GC Thread#10" [stack: 0x00000072eab00000,0x00000072eac00000] [id=21148]
  0x000001bcd2c51b80 GCTaskThread "GC Thread#11" [stack: 0x00000072eac00000,0x00000072ead00000] [id=6748]
  0x000001bcd2d68c20 GCTaskThread "GC Thread#12" [stack: 0x00000072ead00000,0x00000072eae00000] [id=1988]
  0x000001bcac642e80 ConcurrentGCThread "G1 Main Marker" [stack: 0x00000072e8c00000,0x00000072e8d00000] [id=4452]
  0x000001bcac6457a0 ConcurrentGCThread "G1 Conc#0" [stack: 0x00000072e8d00000,0x00000072e8e00000] [id=18284]
  0x000001bcac6b5140 ConcurrentGCThread "G1 Refine#0" [stack: 0x00000072e8e00000,0x00000072e8f00000] [id=992]
  0x000001bcac6b6a70 ConcurrentGCThread "G1 Service" [stack: 0x00000072e8f00000,0x00000072e9000000] [id=11508]

Threads with active compile tasks:
C2 CompilerThread1     2121 1337       4       java.lang.CharacterDataLatin1::toUpperCaseEx (71 bytes)
C2 CompilerThread2     2121 1291       4       java.net.URLStreamHandler::parseURL (1201 bytes)

VM state: not at safepoint (normal execution)

VM Mutex/Monitor currently owned by a thread:  ([mutex/lock_event])
[0x000001bcac5e0f00] CodeCache_lock - owner thread: 0x0000000000000000

Heap address: 0x000000070a600000, size: 3930 MB, Compressed Oops mode: Zero based, Oop shift amount: 3

CDS archive(s) mapped at: [0x0000000800000000-0x0000000800bc0000-0x0000000800bc0000), size 12320768, SharedBaseAddress: 0x0000000800000000, ArchiveRelocationMode: 0.
Compressed class space mapped at: 0x0000000800c00000-0x0000000840c00000, reserved size: 1073741824
Narrow klass base: 0x0000000800000000, Narrow klass shift: 0, Narrow klass range: 0x100000000

GC Precious Log:
 CPUs: 16 total, 16 available
 Memory: 15712M
 Large Page Support: Disabled
 NUMA Support: Disabled
 Compressed Oops: Enabled (Zero based)
 Heap Region Size: 2M
 Heap Min Capacity: 8M
 Heap Initial Capacity: 246M
 Heap Max Capacity: 3930M
 Pre-touch: Disabled
 Parallel Workers: 13
 Concurrent Workers: 3
 Concurrent Refinement Workers: 13
 Periodic GC: Disabled

Heap:
 garbage-first heap   total 251904K, used 26616K [0x000000070a600000, 0x0000000800000000)
  region size 2048K, 14 young (28672K), 2 survivors (4096K)
 Metaspace       used 11394K, committed 11584K, reserved 1064960K
  class space    used 1478K, committed 1536K, reserved 1048576K

Heap Regions: E=young(eden), S=young(survivor), O=old, HS=humongous(starts), HC=humongous(continues), CS=collection set, F=free, OA=open archive, CA=closed archive, TAMS=top-at-mark-start (previous, next)
|   0|0x000000070a600000, 0x000000070a600000, 0x000000070a800000|  0%| F|  |TAMS 0x000000070a600000, 0x000000070a600000| Untracked 
|   1|0x000000070a800000, 0x000000070a800000, 0x000000070aa00000|  0%| F|  |TAMS 0x000000070a800000, 0x000000070a800000| Untracked 
|   2|0x000000070aa00000, 0x000000070aa00000, 0x000000070ac00000|  0%| F|  |TAMS 0x000000070aa00000, 0x000000070aa00000| Untracked 
|   3|0x000000070ac00000, 0x000000070ac00000, 0x000000070ae00000|  0%| F|  |TAMS 0x000000070ac00000, 0x000000070ac00000| Untracked 
|   4|0x000000070ae00000, 0x000000070ae00000, 0x000000070b000000|  0%| F|  |TAMS 0x000000070ae00000, 0x000000070ae00000| Untracked 
|   5|0x000000070b000000, 0x000000070b000000, 0x000000070b200000|  0%| F|  |TAMS 0x000000070b000000, 0x000000070b000000| Untracked 
|   6|0x000000070b200000, 0x000000070b200000, 0x000000070b400000|  0%| F|  |TAMS 0x000000070b200000, 0x000000070b200000| Untracked 
|   7|0x000000070b400000, 0x000000070b400000, 0x000000070b600000|  0%| F|  |TAMS 0x000000070b400000, 0x000000070b400000| Untracked 
|   8|0x000000070b600000, 0x000000070b600000, 0x000000070b800000|  0%| F|  |TAMS 0x000000070b600000, 0x000000070b600000| Untracked 
|   9|0x000000070b800000, 0x000000070b800000, 0x000000070ba00000|  0%| F|  |TAMS 0x000000070b800000, 0x000000070b800000| Untracked 
|  10|0x000000070ba00000, 0x000000070ba00000, 0x000000070bc00000|  0%| F|  |TAMS 0x000000070ba00000, 0x000000070ba00000| Untracked 
|  11|0x000000070bc00000, 0x000000070bc00000, 0x000000070be00000|  0%| F|  |TAMS 0x000000070bc00000, 0x000000070bc00000| Untracked 
|  12|0x000000070be00000, 0x000000070be00000, 0x000000070c000000|  0%| F|  |TAMS 0x000000070be00000, 0x000000070be00000| Untracked 
|  13|0x000000070c000000, 0x000000070c000000, 0x000000070c200000|  0%| F|  |TAMS 0x000000070c000000, 0x000000070c000000| Untracked 
|  14|0x000000070c200000, 0x000000070c200000, 0x000000070c400000|  0%| F|  |TAMS 0x000000070c200000, 0x000000070c200000| Untracked 
|  15|0x000000070c400000, 0x000000070c400000, 0x000000070c600000|  0%| F|  |TAMS 0x000000070c400000, 0x000000070c400000| Untracked 
|  16|0x000000070c600000, 0x000000070c600000, 0x000000070c800000|  0%| F|  |TAMS 0x000000070c600000, 0x000000070c600000| Untracked 
|  17|0x000000070c800000, 0x000000070c800000, 0x000000070ca00000|  0%| F|  |TAMS 0x000000070c800000, 0x000000070c800000| Untracked 
|  18|0x000000070ca00000, 0x000000070ca00000, 0x000000070cc00000|  0%| F|  |TAMS 0x000000070ca00000, 0x000000070ca00000| Untracked 
|  19|0x000000070cc00000, 0x000000070cc00000, 0x000000070ce00000|  0%| F|  |TAMS 0x000000070cc00000, 0x000000070cc00000| Untracked 
|  20|0x000000070ce00000, 0x000000070ce00000, 0x000000070d000000|  0%| F|  |TAMS 0x000000070ce00000, 0x000000070ce00000| Untracked 
|  21|0x000000070d000000, 0x000000070d000000, 0x000000070d200000|  0%| F|  |TAMS 0x000000070d000000, 0x000000070d000000| Untracked 
|  22|0x000000070d200000, 0x000000070d200000, 0x000000070d400000|  0%| F|  |TAMS 0x000000070d200000, 0x000000070d200000| Untracked 
|  23|0x000000070d400000, 0x000000070d400000, 0x000000070d600000|  0%| F|  |TAMS 0x000000070d400000, 0x000000070d400000| Untracked 
|  24|0x000000070d600000, 0x000000070d600000, 0x000000070d800000|  0%| F|  |TAMS 0x000000070d600000, 0x000000070d600000| Untracked 
|  25|0x000000070d800000, 0x000000070d800000, 0x000000070da00000|  0%| F|  |TAMS 0x000000070d800000, 0x000000070d800000| Untracked 
|  26|0x000000070da00000, 0x000000070da00000, 0x000000070dc00000|  0%| F|  |TAMS 0x000000070da00000, 0x000000070da00000| Untracked 
|  27|0x000000070dc00000, 0x000000070dc00000, 0x000000070de00000|  0%| F|  |TAMS 0x000000070dc00000, 0x000000070dc00000| Untracked 
|  28|0x000000070de00000, 0x000000070de00000, 0x000000070e000000|  0%| F|  |TAMS 0x000000070de00000, 0x000000070de00000| Untracked 
|  29|0x000000070e000000, 0x000000070e000000, 0x000000070e200000|  0%| F|  |TAMS 0x000000070e000000, 0x000000070e000000| Untracked 
|  30|0x000000070e200000, 0x000000070e200000, 0x000000070e400000|  0%| F|  |TAMS 0x000000070e200000, 0x000000070e200000| Untracked 
|  31|0x000000070e400000, 0x000000070e400000, 0x000000070e600000|  0%| F|  |TAMS 0x000000070e400000, 0x000000070e400000| Untracked 
|  32|0x000000070e600000, 0x000000070e600000, 0x000000070e800000|  0%| F|  |TAMS 0x000000070e600000, 0x000000070e600000| Untracked 
|  33|0x000000070e800000, 0x000000070e800000, 0x000000070ea00000|  0%| F|  |TAMS 0x000000070e800000, 0x000000070e800000| Untracked 
|  34|0x000000070ea00000, 0x000000070ea00000, 0x000000070ec00000|  0%| F|  |TAMS 0x000000070ea00000, 0x000000070ea00000| Untracked 
|  35|0x000000070ec00000, 0x000000070ec00000, 0x000000070ee00000|  0%| F|  |TAMS 0x000000070ec00000, 0x000000070ec00000| Untracked 
|  36|0x000000070ee00000, 0x000000070ee00000, 0x000000070f000000|  0%| F|  |TAMS 0x000000070ee00000, 0x000000070ee00000| Untracked 
|  37|0x000000070f000000, 0x000000070f000000, 0x000000070f200000|  0%| F|  |TAMS 0x000000070f000000, 0x000000070f000000| Untracked 
|  38|0x000000070f200000, 0x000000070f200000, 0x000000070f400000|  0%| F|  |TAMS 0x000000070f200000, 0x000000070f200000| Untracked 
|  39|0x000000070f400000, 0x000000070f400000, 0x000000070f600000|  0%| F|  |TAMS 0x000000070f400000, 0x000000070f400000| Untracked 
|  40|0x000000070f600000, 0x000000070f600000, 0x000000070f800000|  0%| F|  |TAMS 0x000000070f600000, 0x000000070f600000| Untracked 
|  41|0x000000070f800000, 0x000000070f800000, 0x000000070fa00000|  0%| F|  |TAMS 0x000000070f800000, 0x000000070f800000| Untracked 
|  42|0x000000070fa00000, 0x000000070fa00000, 0x000000070fc00000|  0%| F|  |TAMS 0x000000070fa00000, 0x000000070fa00000| Untracked 
|  43|0x000000070fc00000, 0x000000070fc00000, 0x000000070fe00000|  0%| F|  |TAMS 0x000000070fc00000, 0x000000070fc00000| Untracked 
|  44|0x000000070fe00000, 0x000000070fe00000, 0x0000000710000000|  0%| F|  |TAMS 0x000000070fe00000, 0x000000070fe00000| Untracked 
|  45|0x0000000710000000, 0x0000000710000000, 0x0000000710200000|  0%| F|  |TAMS 0x0000000710000000, 0x0000000710000000| Untracked 
|  46|0x0000000710200000, 0x0000000710200000, 0x0000000710400000|  0%| F|  |TAMS 0x0000000710200000, 0x0000000710200000| Untracked 
|  47|0x0000000710400000, 0x0000000710400000, 0x0000000710600000|  0%| F|  |TAMS 0x0000000710400000, 0x0000000710400000| Untracked 
|  48|0x0000000710600000, 0x0000000710600000, 0x0000000710800000|  0%| F|  |TAMS 0x0000000710600000, 0x0000000710600000| Untracked 
|  49|0x0000000710800000, 0x0000000710800000, 0x0000000710a00000|  0%| F|  |TAMS 0x0000000710800000, 0x0000000710800000| Untracked 
|  50|0x0000000710a00000, 0x0000000710a00000, 0x0000000710c00000|  0%| F|  |TAMS 0x0000000710a00000, 0x0000000710a00000| Untracked 
|  51|0x0000000710c00000, 0x0000000710c00000, 0x0000000710e00000|  0%| F|  |TAMS 0x0000000710c00000, 0x0000000710c00000| Untracked 
|  52|0x0000000710e00000, 0x0000000710e00000, 0x0000000711000000|  0%| F|  |TAMS 0x0000000710e00000, 0x0000000710e00000| Untracked 
|  53|0x0000000711000000, 0x0000000711000000, 0x0000000711200000|  0%| F|  |TAMS 0x0000000711000000, 0x0000000711000000| Untracked 
|  54|0x0000000711200000, 0x0000000711200000, 0x0000000711400000|  0%| F|  |TAMS 0x0000000711200000, 0x0000000711200000| Untracked 
|  55|0x0000000711400000, 0x0000000711400000, 0x0000000711600000|  0%| F|  |TAMS 0x0000000711400000, 0x0000000711400000| Untracked 
|  56|0x0000000711600000, 0x0000000711600000, 0x0000000711800000|  0%| F|  |TAMS 0x0000000711600000, 0x0000000711600000| Untracked 
|  57|0x0000000711800000, 0x0000000711800000, 0x0000000711a00000|  0%| F|  |TAMS 0x0000000711800000, 0x0000000711800000| Untracked 
|  58|0x0000000711a00000, 0x0000000711a00000, 0x0000000711c00000|  0%| F|  |TAMS 0x0000000711a00000, 0x0000000711a00000| Untracked 
|  59|0x0000000711c00000, 0x0000000711c00000, 0x0000000711e00000|  0%| F|  |TAMS 0x0000000711c00000, 0x0000000711c00000| Untracked 
|  60|0x0000000711e00000, 0x0000000711e00000, 0x0000000712000000|  0%| F|  |TAMS 0x0000000711e00000, 0x0000000711e00000| Untracked 
|  61|0x0000000712000000, 0x0000000712000000, 0x0000000712200000|  0%| F|  |TAMS 0x0000000712000000, 0x0000000712000000| Untracked 
|  62|0x0000000712200000, 0x0000000712200000, 0x0000000712400000|  0%| F|  |TAMS 0x0000000712200000, 0x0000000712200000| Untracked 
|  63|0x0000000712400000, 0x0000000712400000, 0x0000000712600000|  0%| F|  |TAMS 0x0000000712400000, 0x0000000712400000| Untracked 
|  64|0x0000000712600000, 0x0000000712600000, 0x0000000712800000|  0%| F|  |TAMS 0x0000000712600000, 0x0000000712600000| Untracked 
|  65|0x0000000712800000, 0x0000000712800000, 0x0000000712a00000|  0%| F|  |TAMS 0x0000000712800000, 0x0000000712800000| Untracked 
|  66|0x0000000712a00000, 0x0000000712a00000, 0x0000000712c00000|  0%| F|  |TAMS 0x0000000712a00000, 0x0000000712a00000| Untracked 
|  67|0x0000000712c00000, 0x0000000712c00000, 0x0000000712e00000|  0%| F|  |TAMS 0x0000000712c00000, 0x0000000712c00000| Untracked 
|  68|0x0000000712e00000, 0x0000000712e00000, 0x0000000713000000|  0%| F|  |TAMS 0x0000000712e00000, 0x0000000712e00000| Untracked 
|  69|0x0000000713000000, 0x0000000713000000, 0x0000000713200000|  0%| F|  |TAMS 0x0000000713000000, 0x0000000713000000| Untracked 
|  70|0x0000000713200000, 0x0000000713200000, 0x0000000713400000|  0%| F|  |TAMS 0x0000000713200000, 0x0000000713200000| Untracked 
|  71|0x0000000713400000, 0x0000000713400000, 0x0000000713600000|  0%| F|  |TAMS 0x0000000713400000, 0x0000000713400000| Untracked 
|  72|0x0000000713600000, 0x0000000713600000, 0x0000000713800000|  0%| F|  |TAMS 0x0000000713600000, 0x0000000713600000| Untracked 
|  73|0x0000000713800000, 0x0000000713800000, 0x0000000713a00000|  0%| F|  |TAMS 0x0000000713800000, 0x0000000713800000| Untracked 
|  74|0x0000000713a00000, 0x0000000713a00000, 0x0000000713c00000|  0%| F|  |TAMS 0x0000000713a00000, 0x0000000713a00000| Untracked 
|  75|0x0000000713c00000, 0x0000000713c00000, 0x0000000713e00000|  0%| F|  |TAMS 0x0000000713c00000, 0x0000000713c00000| Untracked 
|  76|0x0000000713e00000, 0x0000000713e00000, 0x0000000714000000|  0%| F|  |TAMS 0x0000000713e00000, 0x0000000713e00000| Untracked 
|  77|0x0000000714000000, 0x0000000714000000, 0x0000000714200000|  0%| F|  |TAMS 0x0000000714000000, 0x0000000714000000| Untracked 
|  78|0x0000000714200000, 0x0000000714200000, 0x0000000714400000|  0%| F|  |TAMS 0x0000000714200000, 0x0000000714200000| Untracked 
|  79|0x0000000714400000, 0x0000000714400000, 0x0000000714600000|  0%| F|  |TAMS 0x0000000714400000, 0x0000000714400000| Untracked 
|  80|0x0000000714600000, 0x0000000714600000, 0x0000000714800000|  0%| F|  |TAMS 0x0000000714600000, 0x0000000714600000| Untracked 
|  81|0x0000000714800000, 0x0000000714800000, 0x0000000714a00000|  0%| F|  |TAMS 0x0000000714800000, 0x0000000714800000| Untracked 
|  82|0x0000000714a00000, 0x0000000714a00000, 0x0000000714c00000|  0%| F|  |TAMS 0x0000000714a00000, 0x0000000714a00000| Untracked 
|  83|0x0000000714c00000, 0x0000000714c00000, 0x0000000714e00000|  0%| F|  |TAMS 0x0000000714c00000, 0x0000000714c00000| Untracked 
|  84|0x0000000714e00000, 0x0000000714e00000, 0x0000000715000000|  0%| F|  |TAMS 0x0000000714e00000, 0x0000000714e00000| Untracked 
|  85|0x0000000715000000, 0x0000000715000000, 0x0000000715200000|  0%| F|  |TAMS 0x0000000715000000, 0x0000000715000000| Untracked 
|  86|0x0000000715200000, 0x0000000715200000, 0x0000000715400000|  0%| F|  |TAMS 0x0000000715200000, 0x0000000715200000| Untracked 
|  87|0x0000000715400000, 0x0000000715400000, 0x0000000715600000|  0%| F|  |TAMS 0x0000000715400000, 0x0000000715400000| Untracked 
|  88|0x0000000715600000, 0x0000000715600000, 0x0000000715800000|  0%| F|  |TAMS 0x0000000715600000, 0x0000000715600000| Untracked 
|  89|0x0000000715800000, 0x0000000715800000, 0x0000000715a00000|  0%| F|  |TAMS 0x0000000715800000, 0x0000000715800000| Untracked 
|  90|0x0000000715a00000, 0x0000000715a00000, 0x0000000715c00000|  0%| F|  |TAMS 0x0000000715a00000, 0x0000000715a00000| Untracked 
|  91|0x0000000715c00000, 0x0000000715c00000, 0x0000000715e00000|  0%| F|  |TAMS 0x0000000715c00000, 0x0000000715c00000| Untracked 
|  92|0x0000000715e00000, 0x0000000715e00000, 0x0000000716000000|  0%| F|  |TAMS 0x0000000715e00000, 0x0000000715e00000| Untracked 
|  93|0x0000000716000000, 0x0000000716000000, 0x0000000716200000|  0%| F|  |TAMS 0x0000000716000000, 0x0000000716000000| Untracked 
|  94|0x0000000716200000, 0x0000000716200000, 0x0000000716400000|  0%| F|  |TAMS 0x0000000716200000, 0x0000000716200000| Untracked 
|  95|0x0000000716400000, 0x0000000716400000, 0x0000000716600000|  0%| F|  |TAMS 0x0000000716400000, 0x0000000716400000| Untracked 
|  96|0x0000000716600000, 0x0000000716600000, 0x0000000716800000|  0%| F|  |TAMS 0x0000000716600000, 0x0000000716600000| Untracked 
|  97|0x0000000716800000, 0x0000000716800000, 0x0000000716a00000|  0%| F|  |TAMS 0x0000000716800000, 0x0000000716800000| Untracked 
|  98|0x0000000716a00000, 0x0000000716a00000, 0x0000000716c00000|  0%| F|  |TAMS 0x0000000716a00000, 0x0000000716a00000| Untracked 
|  99|0x0000000716c00000, 0x0000000716dfe178, 0x0000000716e00000| 99%| S|CS|TAMS 0x0000000716c00000, 0x0000000716c00000| Complete 
| 100|0x0000000716e00000, 0x0000000717000000, 0x0000000717000000|100%| S|CS|TAMS 0x0000000716e00000, 0x0000000716e00000| Complete 
| 101|0x0000000717000000, 0x0000000717000000, 0x0000000717200000|  0%| F|  |TAMS 0x0000000717000000, 0x0000000717000000| Untracked 
| 102|0x0000000717200000, 0x0000000717200000, 0x0000000717400000|  0%| F|  |TAMS 0x0000000717200000, 0x0000000717200000| Untracked 
| 103|0x0000000717400000, 0x0000000717400000, 0x0000000717600000|  0%| F|  |TAMS 0x0000000717400000, 0x0000000717400000| Untracked 
| 104|0x0000000717600000, 0x0000000717600000, 0x0000000717800000|  0%| F|  |TAMS 0x0000000717600000, 0x0000000717600000| Untracked 
| 105|0x0000000717800000, 0x0000000717800000, 0x0000000717a00000|  0%| F|  |TAMS 0x0000000717800000, 0x0000000717800000| Untracked 
| 106|0x0000000717a00000, 0x0000000717a00000, 0x0000000717c00000|  0%| F|  |TAMS 0x0000000717a00000, 0x0000000717a00000| Untracked 
| 107|0x0000000717c00000, 0x0000000717c00000, 0x0000000717e00000|  0%| F|  |TAMS 0x0000000717c00000, 0x0000000717c00000| Untracked 
| 108|0x0000000717e00000, 0x0000000717e00000, 0x0000000718000000|  0%| F|  |TAMS 0x0000000717e00000, 0x0000000717e00000| Untracked 
| 109|0x0000000718000000, 0x0000000718000000, 0x0000000718200000|  0%| F|  |TAMS 0x0000000718000000, 0x0000000718000000| Untracked 
| 110|0x0000000718200000, 0x0000000718200000, 0x0000000718400000|  0%| F|  |TAMS 0x0000000718200000, 0x0000000718200000| Untracked 
| 111|0x0000000718400000, 0x0000000718503c10, 0x0000000718600000| 50%| E|  |TAMS 0x0000000718400000, 0x0000000718400000| Complete 
| 112|0x0000000718600000, 0x0000000718800000, 0x0000000718800000|100%| E|CS|TAMS 0x0000000718600000, 0x0000000718600000| Complete 
| 113|0x0000000718800000, 0x0000000718a00000, 0x0000000718a00000|100%| E|CS|TAMS 0x0000000718800000, 0x0000000718800000| Complete 
| 114|0x0000000718a00000, 0x0000000718c00000, 0x0000000718c00000|100%| E|CS|TAMS 0x0000000718a00000, 0x0000000718a00000| Complete 
| 115|0x0000000718c00000, 0x0000000718e00000, 0x0000000718e00000|100%| E|CS|TAMS 0x0000000718c00000, 0x0000000718c00000| Complete 
| 116|0x0000000718e00000, 0x0000000719000000, 0x0000000719000000|100%| E|CS|TAMS 0x0000000718e00000, 0x0000000718e00000| Complete 
| 117|0x0000000719000000, 0x0000000719200000, 0x0000000719200000|100%| E|CS|TAMS 0x0000000719000000, 0x0000000719000000| Complete 
| 118|0x0000000719200000, 0x0000000719400000, 0x0000000719400000|100%| E|CS|TAMS 0x0000000719200000, 0x0000000719200000| Complete 
| 119|0x0000000719400000, 0x0000000719600000, 0x0000000719600000|100%| E|CS|TAMS 0x0000000719400000, 0x0000000719400000| Complete 
| 120|0x0000000719600000, 0x0000000719800000, 0x0000000719800000|100%| E|CS|TAMS 0x0000000719600000, 0x0000000719600000| Complete 
| 121|0x0000000719800000, 0x0000000719a00000, 0x0000000719a00000|100%| E|CS|TAMS 0x0000000719800000, 0x0000000719800000| Complete 
| 122|0x0000000719a00000, 0x0000000719c00000, 0x0000000719c00000|100%| E|CS|TAMS 0x0000000719a00000, 0x0000000719a00000| Complete 

Card table byte_map: [0x000001bcc5d20000,0x000001bcc64d0000] _byte_map_base: 0x000001bcc24cd000

Marking Bits (Prev, Next): (CMBitMap*) 0x000001bcac632fc0, (CMBitMap*) 0x000001bcac633000
 Prev Bits: [0x000001bcc6c80000, 0x000001bcca9e8000)
 Next Bits: [0x000001bcca9f0000, 0x000001bcce758000)

Polling page: 0x000001bcac440000

Metaspace:

Usage:
  Non-class:      9.71 MB used.
      Class:      1.45 MB used.
       Both:     11.16 MB used.

Virtual space:
  Non-class space:       16.00 MB reserved,       9.81 MB ( 61%) committed,  2 nodes.
      Class space:        1.00 GB reserved,       1.50 MB ( <1%) committed,  1 nodes.
             Both:        1.02 GB reserved,      11.31 MB (  1%) committed. 

Chunk freelists:
   Non-Class:  1.62 MB
       Class:  2.38 MB
        Both:  4.00 MB

MaxMetaspaceSize: unlimited
CompressedClassSpaceSize: 1.00 GB
Initial GC threshold: 21.00 MB
Current GC threshold: 21.00 MB
CDS: on
MetaspaceReclaimPolicy: balanced
 - commit_granule_bytes: 65536.
 - commit_granule_words: 8192.
 - virtual_space_node_default_size: 1048576.
 - enlarge_chunks_in_place: 1.
 - new_chunks_are_fully_committed: 0.
 - uncommit_free_chunks: 1.
 - use_allocation_guard: 0.
 - handle_deallocations: 1.


Internal statistics:

num_allocs_failed_limit: 0.
num_arena_births: 112.
num_arena_deaths: 0.
num_vsnodes_births: 3.
num_vsnodes_deaths: 0.
num_space_committed: 181.
num_space_uncommitted: 0.
num_chunks_returned_to_freelist: 0.
num_chunks_taken_from_freelist: 453.
num_chunk_merges: 0.
num_chunk_splits: 323.
num_chunks_enlarged: 241.
num_purges: 0.
num_inconsistent_stats: 0.

CodeHeap 'non-profiled nmethods': size=119168Kb used=581Kb max_used=581Kb free=118586Kb
 bounds [0x000001bcbd140000, 0x000001bcbd3b0000, 0x000001bcc45a0000]
CodeHeap 'profiled nmethods': size=119104Kb used=2523Kb max_used=2523Kb free=116580Kb
 bounds [0x000001bcb5cf0000, 0x000001bcb5f70000, 0x000001bcbd140000]
CodeHeap 'non-nmethods': size=7488Kb used=2381Kb max_used=2399Kb free=5106Kb
 bounds [0x000001bcb55a0000, 0x000001bcb5810000, 0x000001bcb5cf0000]
 total_blobs=1826 nmethods=1336 adapters=401
 compilation: enabled
              stopped_count=0, restarted_count=0
 full_count=0

Compilation events (20 events):
Event: 2.075 Thread 0x000001bcd2235660 nmethod 1321 0x000001bcb5f5df90 code [0x000001bcb5f5e320, 0x000001bcb5f60068]
Event: 2.076 Thread 0x000001bcd17e4400 1324 %     4       java.util.Properties$LineReader::readLine @ 224 (584 bytes)
Event: 2.077 Thread 0x000001bcd222c980 nmethod 1323 0x000001bcb5f60b90 code [0x000001bcb5f60fc0, 0x000001bcb5f62b48]
Event: 2.081 Thread 0x000001bcd222c980 1325   !   3       com.mysql.cj.conf.DefaultPropertySet::getProperty (52 bytes)
Event: 2.081 Thread 0x000001bcd222c980 nmethod 1325 0x000001bcb5f63490 code [0x000001bcb5f63680, 0x000001bcb5f63de8]
Event: 2.084 Thread 0x000001bcd222c980 1327       3       java.lang.invoke.MethodType::changeReturnType (20 bytes)
Event: 2.085 Thread 0x000001bcd222c980 nmethod 1327 0x000001bcb5f64090 code [0x000001bcb5f64240, 0x000001bcb5f64428]
Event: 2.086 Thread 0x000001bcd2c4ec10 nmethod 1318 0x000001bcbd1cb810 code [0x000001bcbd1cb9e0, 0x000001bcbd1cd128]
Event: 2.095 Thread 0x000001bcd17e6920 1328       3       jdk.internal.loader.URLClassPath$JarLoader$2::getInputStream (15 bytes)
Event: 2.095 Thread 0x000001bcd222c980 1329   !   3       java.util.jar.JarFile$JarFileEntry::getCodeSigners (81 bytes)
Event: 2.095 Thread 0x000001bcd17e6920 nmethod 1328 0x000001bcb5f64510 code [0x000001bcb5f646c0, 0x000001bcb5f648a8]
Event: 2.095 Thread 0x000001bcd222c980 nmethod 1329 0x000001bcb5f64990 code [0x000001bcb5f64ba0, 0x000001bcb5f651c8]
Event: 2.095 Thread 0x000001bcd2c4ec10 1330       4       jdk.internal.loader.URLClassPath$JarLoader$2::getCodeSourceURL (8 bytes)
Event: 2.095 Thread 0x000001bcd222c980 1331       3       jdk.internal.loader.URLClassPath$JarLoader$2::getManifest (26 bytes)
Event: 2.095 Thread 0x000001bcd17e6920 1332       3       java.util.jar.JavaUtilJarAccessImpl::ensureInitialization (5 bytes)
Event: 2.095 Thread 0x000001bcd2235660 1333  s!   3       java.util.jar.JarFile::ensureInitialization (74 bytes)
Event: 2.096 Thread 0x000001bcd17e6920 nmethod 1332 0x000001bcb5f65410 code [0x000001bcb5f655c0, 0x000001bcb5f65788]
Event: 2.096 Thread 0x000001bcd2235660 nmethod 1333 0x000001bcb5f65890 code [0x000001bcb5f65aa0, 0x000001bcb5f660f8]
Event: 2.096 Thread 0x000001bcd222c980 nmethod 1331 0x000001bcb5f66310 code [0x000001bcb5f66520, 0x000001bcb5f66be8]
Event: 2.096 Thread 0x000001bcd2c4ec10 nmethod 1330 0x000001bcbd1cda90 code [0x000001bcbd1cdc00, 0x000001bcbd1cdc98]

GC Heap History (4 events):
Event: 0.875 GC heap before
{Heap before GC invocations=0 (full 0):
 garbage-first heap   total 251904K, used 20480K [0x000000070a600000, 0x0000000800000000)
  region size 2048K, 11 young (22528K), 0 survivors (0K)
 Metaspace       used 1968K, committed 2048K, reserved 1056768K
  class space    used 202K, committed 256K, reserved 1048576K
}
Event: 0.878 GC heap after
{Heap after GC invocations=1 (full 0):
 garbage-first heap   total 251904K, used 2214K [0x000000070a600000, 0x0000000800000000)
  region size 2048K, 2 young (4096K), 2 survivors (4096K)
 Metaspace       used 1968K, committed 2048K, reserved 1056768K
  class space    used 202K, committed 256K, reserved 1048576K
}
Event: 1.529 GC heap before
{Heap before GC invocations=1 (full 0):
 garbage-first heap   total 251904K, used 41126K [0x000000070a600000, 0x0000000800000000)
  region size 2048K, 22 young (45056K), 2 survivors (4096K)
 Metaspace       used 5320K, committed 5440K, reserved 1056768K
  class space    used 652K, committed 704K, reserved 1048576K
}
Event: 1.534 GC heap after
{Heap after GC invocations=2 (full 0):
 garbage-first heap   total 251904K, used 4088K [0x000000070a600000, 0x0000000800000000)
  region size 2048K, 2 young (4096K), 2 survivors (4096K)
 Metaspace       used 5320K, committed 5440K, reserved 1056768K
  class space    used 652K, committed 704K, reserved 1048576K
}

Deoptimization events (20 events):
Event: 1.931 Thread 0x000001bcac5e83e0 DEOPT PACKING pc=0x000001bcb5dd7504 sp=0x00000072e8afa640
Event: 1.931 Thread 0x000001bcac5e83e0 DEOPT UNPACKING pc=0x000001bcb55f2b43 sp=0x00000072e8af9ad8 mode 1
Event: 1.931 Thread 0x000001bcac5e83e0 DEOPT PACKING pc=0x000001bcb5dd475c sp=0x00000072e8afa710
Event: 1.931 Thread 0x000001bcac5e83e0 DEOPT UNPACKING pc=0x000001bcb55f2b43 sp=0x00000072e8af9bc8 mode 1
Event: 1.933 Thread 0x000001bcac5e83e0 Uncommon trap: trap_request=0xffffff45 fr.pc=0x000001bcbd1ba898 relative=0x00000000000001d8
Event: 1.933 Thread 0x000001bcac5e83e0 Uncommon trap: reason=unstable_if action=reinterpret pc=0x000001bcbd1ba898 method=java.io.WinNTFileSystem.normalize(Ljava/lang/String;)Ljava/lang/String; @ 40 c2
Event: 1.933 Thread 0x000001bcac5e83e0 DEOPT PACKING pc=0x000001bcbd1ba898 sp=0x00000072e8afa240
Event: 1.933 Thread 0x000001bcac5e83e0 DEOPT UNPACKING pc=0x000001bcb55f23a3 sp=0x00000072e8afa1d8 mode 2
Event: 1.943 Thread 0x000001bcac5e83e0 DEOPT PACKING pc=0x000001bcb5dd7504 sp=0x00000072e8afa700
Event: 1.943 Thread 0x000001bcac5e83e0 DEOPT UNPACKING pc=0x000001bcb55f2b43 sp=0x00000072e8af9b98 mode 1
Event: 1.943 Thread 0x000001bcac5e83e0 DEOPT PACKING pc=0x000001bcb5dd475c sp=0x00000072e8afa7d0
Event: 1.943 Thread 0x000001bcac5e83e0 DEOPT UNPACKING pc=0x000001bcb55f2b43 sp=0x00000072e8af9c88 mode 1
Event: 1.943 Thread 0x000001bcac5e83e0 DEOPT PACKING pc=0x000001bcb5dd7504 sp=0x00000072e8afa7d0
Event: 1.943 Thread 0x000001bcac5e83e0 DEOPT UNPACKING pc=0x000001bcb55f2b43 sp=0x00000072e8af9c68 mode 1
Event: 1.943 Thread 0x000001bcac5e83e0 DEOPT PACKING pc=0x000001bcb5dd475c sp=0x00000072e8afa8a0
Event: 1.943 Thread 0x000001bcac5e83e0 DEOPT UNPACKING pc=0x000001bcb55f2b43 sp=0x00000072e8af9d58 mode 1
Event: 2.065 Thread 0x000001bcac5e83e0 Uncommon trap: trap_request=0xffffff45 fr.pc=0x000001bcbd1a9a84 relative=0x0000000000001464
Event: 2.065 Thread 0x000001bcac5e83e0 Uncommon trap: reason=unstable_if action=reinterpret pc=0x000001bcbd1a9a84 method=java.util.concurrent.ConcurrentHashMap.putVal(Ljava/lang/Object;Ljava/lang/Object;Z)Ljava/lang/Object; @ 148 c2
Event: 2.065 Thread 0x000001bcac5e83e0 DEOPT PACKING pc=0x000001bcbd1a9a84 sp=0x00000072e8afcab0
Event: 2.065 Thread 0x000001bcac5e83e0 DEOPT UNPACKING pc=0x000001bcb55f23a3 sp=0x00000072e8afca40 mode 2

Classes unloaded (0 events):
No events

Classes redefined (0 events):
No events

Internal exceptions (17 events):
Event: 0.680 Thread 0x000001bcac5e83e0 Exception <a 'java/io/FileNotFoundException'{0x0000000719676408}> (0x0000000719676408) 
thrown [t:\workspace\open\src\hotspot\share\prims\jni.cpp, line 516]
Event: 0.782 Thread 0x000001bcac5e83e0 Exception <a 'java/lang/NoSuchMethodError'{0x0000000719435f88}: 'java.lang.Object java.lang.invoke.DirectMethodHandle$Holder.invokeInterface(java.lang.Object, java.lang.Object)'> (0x0000000719435f88) 
thrown [t:\workspace\open\src\hotspot\share\interpreter\linkResolver.cpp, line 766]
Event: 0.782 Thread 0x000001bcac5e83e0 Exception <a 'java/lang/IncompatibleClassChangeError'{0x00000007194397b8}: Found class java.lang.Object, but interface was expected> (0x00000007194397b8) 
thrown [t:\workspace\open\src\hotspot\share\interpreter\linkResolver.cpp, line 833]
Event: 0.804 Thread 0x000001bcac5e83e0 Exception <a 'java/lang/NoSuchMethodError'{0x00000007194a0d58}: 'java.lang.Object java.lang.invoke.DirectMethodHandle$Holder.newInvokeSpecial(java.lang.Object, java.lang.Object, java.lang.Object, java.lang.Object, java.lang.Object)'> (0x00000007194a0d58) 
thrown [t:\workspace\open\src\hotspot\share\interpreter\linkResolver.cpp, line 766]
Event: 0.962 Thread 0x000001bcac5e83e0 Exception <a 'java/lang/NoSuchMethodError'{0x0000000717c5eea0}: 'java.lang.Object java.lang.invoke.DirectMethodHandle$Holder.invokeStatic(java.lang.Object, java.lang.Object, int)'> (0x0000000717c5eea0) 
thrown [t:\workspace\open\src\hotspot\share\interpreter\linkResolver.cpp, line 766]
Event: 0.964 Thread 0x000001bcac5e83e0 Exception <a 'java/lang/NoSuchMethodError'{0x0000000717c6ae38}: 'void java.lang.invoke.DelegatingMethodHandle$Holder.delegate(java.lang.Object, java.lang.Object, int, java.lang.Object)'> (0x0000000717c6ae38) 
thrown [t:\workspace\open\src\hotspot\share\interpreter\linkResolver.cpp, line 766]
Event: 0.964 Thread 0x000001bcac5e83e0 Exception <a 'java/lang/NoSuchMethodError'{0x0000000717c6f1d0}: 'int java.lang.invoke.DirectMethodHandle$Holder.invokeSpecial(java.lang.Object, java.lang.Object, java.lang.Object)'> (0x0000000717c6f1d0) 
thrown [t:\workspace\open\src\hotspot\share\interpreter\linkResolver.cpp, line 766]
Event: 1.703 Thread 0x000001bcac5e83e0 Exception <a 'java/lang/NoSuchMethodError'{0x00000007197f5c60}: 'java.lang.Object java.lang.invoke.DirectMethodHandle$Holder.invokeStaticInit(java.lang.Object, int, int, int, int)'> (0x00000007197f5c60) 
thrown [t:\workspace\open\src\hotspot\share\interpreter\linkResolver.cpp, line 766]
Event: 1.742 Thread 0x000001bcac5e83e0 Exception <a 'java/lang/NoSuchMethodError'{0x00000007194a9188}: 'java.lang.Object java.lang.invoke.DirectMethodHandle$Holder.invokeStaticInit(java.lang.Object, java.lang.Object, int, int, int, int)'> (0x00000007194a9188) 
thrown [t:\workspace\open\src\hotspot\share\interpreter\linkResolver.cpp, line 766]
Event: 1.793 Thread 0x000001bcac5e83e0 Implicit null exception at 0x000001bcbd1a4be2 to 0x000001bcbd1a64ec
Event: 1.793 Thread 0x000001bcac5e83e0 Implicit null exception at 0x000001bcbd16dc8f to 0x000001bcbd16dd0d
Event: 1.842 Thread 0x000001bcac5e83e0 Exception <a 'java/lang/NoSuchMethodError'{0x00000007191c2280}: 'java.lang.Object java.lang.invoke.Invokers$Holder.invokeExact_MT(java.lang.Object, java.lang.Object, java.lang.Object, java.lang.Object, java.lang.Object, java.lang.Object)'> (0x00000007191c2280) 
thrown [t:\workspace\open\src\hotspot\share\interpreter\linkResolver.cpp, line 766]
Event: 1.926 Thread 0x000001bcac5e83e0 Exception <a 'java/lang/NoSuchMethodError'{0x0000000718a2bdc8}: 'java.lang.Object java.lang.invoke.DirectMethodHandle$Holder.invokeStaticInit(java.lang.Object)'> (0x0000000718a2bdc8) 
thrown [t:\workspace\open\src\hotspot\share\interpreter\linkResolver.cpp, line 766]
Event: 1.949 Thread 0x000001bcac5e83e0 Exception <a 'java/lang/NoSuchMethodError'{0x0000000718adf770}: 'void java.lang.invoke.DirectMethodHandle$Holder.invokeSpecial(java.lang.Object, java.lang.Object, java.lang.Object)'> (0x0000000718adf770) 
thrown [t:\workspace\open\src\hotspot\share\interpreter\linkResolver.cpp, line 766]
Event: 1.949 Thread 0x000001bcac5e83e0 Exception <a 'java/lang/NoSuchMethodError'{0x0000000718ae6410}: 'void java.lang.invoke.DirectMethodHandle$Holder.invokeStatic(java.lang.Object, java.lang.Object, java.lang.Object)'> (0x0000000718ae6410) 
thrown [t:\workspace\open\src\hotspot\share\interpreter\linkResolver.cpp, line 766]
Event: 1.951 Thread 0x000001bcac5e83e0 Exception <a 'java/lang/NoSuchMethodError'{0x0000000718af1308}: 'java.lang.Object java.lang.invoke.DirectMethodHandle$Holder.invokeVirtual(java.lang.Object, java.lang.Object, java.lang.Object)'> (0x0000000718af1308) 
thrown [t:\workspace\open\src\hotspot\share\interpreter\linkResolver.cpp, line 766]
Event: 2.084 Thread 0x000001bcac5e83e0 Exception <a 'java/lang/NoSuchMethodError'{0x0000000718730480}: 'void java.lang.invoke.DirectMethodHandle$Holder.invokeStatic(java.lang.Object, java.lang.Object)'> (0x0000000718730480) 
thrown [t:\workspace\open\src\hotspot\share\interpreter\linkResolver.cpp, line 766]

VM Operations (20 events):
Event: 0.875 Executing VM operation: G1CollectForAllocation
Event: 0.878 Executing VM operation: G1CollectForAllocation done
Event: 0.962 Executing VM operation: HandshakeAllThreads
Event: 0.962 Executing VM operation: HandshakeAllThreads done
Event: 1.529 Executing VM operation: G1CollectForAllocation
Event: 1.534 Executing VM operation: G1CollectForAllocation done
Event: 1.570 Executing VM operation: HandshakeAllThreads
Event: 1.570 Executing VM operation: HandshakeAllThreads done
Event: 1.666 Executing VM operation: HandshakeAllThreads
Event: 1.666 Executing VM operation: HandshakeAllThreads done
Event: 1.666 Executing VM operation: HandshakeAllThreads
Event: 1.666 Executing VM operation: HandshakeAllThreads done
Event: 1.691 Executing VM operation: HandshakeAllThreads
Event: 1.691 Executing VM operation: HandshakeAllThreads done
Event: 1.717 Executing VM operation: HandshakeAllThreads
Event: 1.717 Executing VM operation: HandshakeAllThreads done
Event: 1.933 Executing VM operation: HandshakeAllThreads
Event: 1.933 Executing VM operation: HandshakeAllThreads done
Event: 1.933 Executing VM operation: HandshakeAllThreads
Event: 1.933 Executing VM operation: HandshakeAllThreads done

Events (20 events):
Event: 2.093 loading class com/mysql/cj/conf/RuntimeProperty$RuntimePropertyListener
Event: 2.093 loading class com/mysql/cj/conf/RuntimeProperty$RuntimePropertyListener done
Event: 2.094 loading class com/mysql/cj/protocol/AbstractProtocol
Event: 2.094 loading class com/mysql/cj/protocol/AbstractProtocol done
Event: 2.095 loading class com/mysql/cj/protocol/Protocol$ProtocolEventHandler
Event: 2.095 loading class com/mysql/cj/protocol/Protocol$ProtocolEventHandler done
Event: 2.095 loading class com/mysql/cj/protocol/PacketReceivedTimeHolder
Event: 2.095 loading class com/mysql/cj/protocol/PacketReceivedTimeHolder done
Event: 2.096 loading class com/mysql/cj/protocol/MessageSender
Event: 2.096 loading class com/mysql/cj/protocol/MessageSender done
Event: 2.097 loading class com/mysql/cj/protocol/MessageReader
Event: 2.097 loading class com/mysql/cj/protocol/MessageReader done
Event: 2.097 loading class com/mysql/cj/protocol/ServerSession
Event: 2.097 loading class com/mysql/cj/protocol/ServerSession done
Event: 2.097 loading class com/mysql/cj/protocol/AuthenticationProvider
Event: 2.097 loading class com/mysql/cj/protocol/AuthenticationProvider done
Event: 2.097 loading class com/mysql/cj/exceptions/FeatureNotAvailableException
Event: 2.097 loading class com/mysql/cj/exceptions/FeatureNotAvailableException done
Event: 2.098 loading class com/mysql/cj/jdbc/exceptions/MysqlDataTruncation
Event: 2.098 loading class com/mysql/cj/jdbc/exceptions/MysqlDataTruncation done


Dynamic libraries:
0x00007ff77f890000 - 0x00007ff77f89e000 	D:\jdk-17.0.1\bin\java.exe
0x00007ffa64aa0000 - 0x00007ffa64ca7000 	C:\WINDOWS\SYSTEM32\ntdll.dll
0x00007ffa63e70000 - 0x00007ffa63f2d000 	C:\WINDOWS\System32\KERNEL32.DLL
0x00007ffa625b0000 - 0x00007ffa62924000 	C:\WINDOWS\System32\KERNELBASE.dll
0x00007ffa620f0000 - 0x00007ffa62201000 	C:\WINDOWS\System32\ucrtbase.dll
0x00007ffa266e0000 - 0x00007ffa266f8000 	D:\jdk-17.0.1\bin\jli.dll
0x00007ffa27eb0000 - 0x00007ffa27eca000 	D:\jdk-17.0.1\bin\VCRUNTIME140.dll
0x00007ffa648b0000 - 0x00007ffa64a5c000 	C:\WINDOWS\System32\USER32.dll
0x00007ffa620c0000 - 0x00007ffa620e6000 	C:\WINDOWS\System32\win32u.dll
0x00007ffa60c60000 - 0x00007ffa60f05000 	C:\WINDOWS\WinSxS\amd64_microsoft.windows.common-controls_6595b64144ccf1df_6.0.22000.120_none_9d947278b86cc467\COMCTL32.dll
0x00007ffa64660000 - 0x00007ffa64689000 	C:\WINDOWS\System32\GDI32.dll
0x00007ffa640d0000 - 0x00007ffa64173000 	C:\WINDOWS\System32\msvcrt.dll
0x00007ffa62210000 - 0x00007ffa62322000 	C:\WINDOWS\System32\gdi32full.dll
0x00007ffa623a0000 - 0x00007ffa6243d000 	C:\WINDOWS\System32\msvcp_win.dll
0x00007ffa646b0000 - 0x00007ffa646e1000 	C:\WINDOWS\System32\IMM32.DLL
0x00007ffa54560000 - 0x00007ffa5456c000 	D:\jdk-17.0.1\bin\vcruntime140_1.dll
0x00007ff9fc4f0000 - 0x00007ff9fc57d000 	D:\jdk-17.0.1\bin\msvcp140.dll
0x00007ff9e35b0000 - 0x00007ff9e416e000 	D:\jdk-17.0.1\bin\server\jvm.dll
0x00007ffa635c0000 - 0x00007ffa6366c000 	C:\WINDOWS\System32\ADVAPI32.dll
0x00007ffa63fd0000 - 0x00007ffa6406d000 	C:\WINDOWS\System32\sechost.dll
0x00007ffa62930000 - 0x00007ffa62a51000 	C:\WINDOWS\System32\RPCRT4.dll
0x00007ffa64180000 - 0x00007ffa64188000 	C:\WINDOWS\System32\PSAPI.DLL
0x00007ffa60240000 - 0x00007ffa60273000 	C:\WINDOWS\SYSTEM32\WINMM.dll
0x00007ffa5a7b0000 - 0x00007ffa5a7ba000 	C:\WINDOWS\SYSTEM32\VERSION.dll
0x00007ffa414a0000 - 0x00007ffa414a9000 	C:\WINDOWS\SYSTEM32\WSOCK32.dll
0x00007ffa63f30000 - 0x00007ffa63f9f000 	C:\WINDOWS\System32\WS2_32.dll
0x00007ffa61120000 - 0x00007ffa61138000 	C:\WINDOWS\SYSTEM32\kernel.appcore.dll
0x00007ffa467b0000 - 0x00007ffa467ba000 	D:\jdk-17.0.1\bin\jimage.dll
0x00007ffa5f1e0000 - 0x00007ffa5f401000 	C:\WINDOWS\SYSTEM32\DBGHELP.DLL
0x00007ffa52750000 - 0x00007ffa52781000 	C:\WINDOWS\SYSTEM32\dbgcore.DLL
0x00007ffa62040000 - 0x00007ffa620c0000 	C:\WINDOWS\System32\bcryptPrimitives.dll
0x00007ffa3fe30000 - 0x00007ffa3fe6b000 	D:\jdk-17.0.1\bin\jdwp.dll
0x00007ffa53930000 - 0x00007ffa5393e000 	D:\jdk-17.0.1\bin\instrument.dll
0x00007ffa17400000 - 0x00007ffa17425000 	D:\jdk-17.0.1\bin\java.dll
0x00007ffa173e0000 - 0x00007ffa173f8000 	D:\jdk-17.0.1\bin\zip.dll
0x00007ff9fc410000 - 0x00007ff9fc4e6000 	D:\jdk-17.0.1\bin\svml.dll
0x00007ffa62a60000 - 0x00007ffa63209000 	C:\WINDOWS\System32\SHELL32.dll
0x00007ffa603f0000 - 0x00007ffa60c52000 	C:\WINDOWS\SYSTEM32\windows.storage.dll
0x00007ffa642e0000 - 0x00007ffa64658000 	C:\WINDOWS\System32\combase.dll
0x00007ffa60280000 - 0x00007ffa603e6000 	C:\WINDOWS\SYSTEM32\wintypes.dll
0x00007ffa647c0000 - 0x00007ffa648aa000 	C:\WINDOWS\System32\SHCORE.dll
0x00007ffa64190000 - 0x00007ffa641ed000 	C:\WINDOWS\System32\shlwapi.dll
0x00007ffa61eb0000 - 0x00007ffa61ed1000 	C:\WINDOWS\SYSTEM32\profapi.dll
0x00007ffa50c00000 - 0x00007ffa50c0c000 	D:\jdk-17.0.1\bin\dt_socket.dll
0x00007ffa5fea0000 - 0x00007ffa5fecd000 	C:\WINDOWS\SYSTEM32\IPHLPAPI.DLL
0x00007ffa61530000 - 0x00007ffa61597000 	C:\WINDOWS\system32\mswsock.dll
0x00007ffa26080000 - 0x00007ffa26099000 	D:\jdk-17.0.1\bin\net.dll
0x00007ffa5d210000 - 0x00007ffa5d31c000 	C:\WINDOWS\SYSTEM32\WINHTTP.dll
0x00007ffa25fc0000 - 0x00007ffa25fd5000 	D:\jdk-17.0.1\bin\nio.dll
0x00007ffa32010000 - 0x00007ffa32020000 	D:\jdk-17.0.1\bin\verify.dll
0x00007ffa617f0000 - 0x00007ffa61808000 	C:\WINDOWS\SYSTEM32\CRYPTSP.dll
0x000000005f0c0000 - 0x000000005f0d9000 	C:\Program Files\Common Files\Crypto Pro\AppCompat\cpadvai.dll
0x00007ffa61070000 - 0x00007ffa610a5000 	C:\WINDOWS\system32\rsaenh.dll
0x00007ffa616a0000 - 0x00007ffa616c9000 	C:\WINDOWS\SYSTEM32\USERENV.dll
0x00007ffa61970000 - 0x00007ffa61997000 	C:\WINDOWS\SYSTEM32\bcrypt.dll
0x00007ffa61810000 - 0x00007ffa6181c000 	C:\WINDOWS\SYSTEM32\CRYPTBASE.dll
0x00007ffa63fc0000 - 0x00007ffa63fc9000 	C:\WINDOWS\System32\NSI.dll
0x00007ffa5c2b0000 - 0x00007ffa5c2c9000 	C:\WINDOWS\SYSTEM32\dhcpcsvc6.DLL
0x00007ffa5ca00000 - 0x00007ffa5ca1e000 	C:\WINDOWS\SYSTEM32\dhcpcsvc.DLL
0x00007ffa5fed0000 - 0x00007ffa5ffb7000 	C:\WINDOWS\SYSTEM32\DNSAPI.dll
0x000000005ecf0000 - 0x000000005ed16000 	C:\Program Files\Bonjour\mdnsNSP.dll
0x00007ffa5aaa0000 - 0x00007ffa5aaaa000 	C:\Windows\System32\rasadhlp.dll
0x00007ffa5af90000 - 0x00007ffa5b011000 	C:\WINDOWS\System32\fwpuclnt.dll

dbghelp: loaded successfully - version: 4.0.5 - missing functions: none
symbol engine: initialized successfully - sym options: 0x614 - pdb path: .;D:\jdk-17.0.1\bin;C:\WINDOWS\SYSTEM32;C:\WINDOWS\WinSxS\amd64_microsoft.windows.common-controls_6595b64144ccf1df_6.0.22000.120_none_9d947278b86cc467;D:\jdk-17.0.1\bin\server;C:\Program Files\Common Files\Crypto Pro\AppCompat;C:\Program Files\Bonjour

VM Arguments:
jvm_args: -agentlib:jdwp=transport=dt_socket,address=127.0.0.1:57568,suspend=y,server=n -ea -Didea.test.cyclic.buffer.size=1048576 -javaagent:C:\Users\User\AppData\Local\JetBrains\IntelliJIdea2022.2\captureAgent\debugger-agent.jar -Dfile.encoding=UTF-8 
java_command: com.intellij.rt.junit.JUnitStarter -ideVersion5 UserServiceTest
java_class_path (initial): F:\IntelliJ IDEA 2022.2.1\lib\idea_rt.jar;F:\IntelliJ IDEA 2022.2.1\plugins\junit\lib\junit5-rt.jar;F:\IntelliJ IDEA 2022.2.1\plugins\junit\lib\junit-rt.jar;F:\jdbc\Hibernate\target\test-classes;F:\jdbc\Hibernate\target\classes;C:\Users\User\.m2\repository\junit\junit\4.13.2\junit-4.13.2.jar;C:\Users\User\.m2\repository\org\hamcrest\hamcrest-core\1.3\hamcrest-core-1.3.jar;C:\Users\User\.m2\repository\mysql\mysql-connector-java\8.0.25\mysql-connector-java-8.0.25.jar;C:\Users\User\.m2\repository\com\google\protobuf\protobuf-java\3.11.4\protobuf-java-3.11.4.jar;C:\Users\User\.m2\repository\org\hibernate\javax\persistence\hibernate-jpa-2.1-api\1.0.2.Final\hibernate-jpa-2.1-api-1.0.2.Final.jar;C:\Users\User\.m2\repository\org\hibernate\hibernate-core\5.6.3.Final\hibernate-core-5.6.3.Final.jar;C:\Users\User\.m2\repository\org\jboss\logging\jboss-logging\3.4.2.Final\jboss-logging-3.4.2.Final.jar;C:\Users\User\.m2\repository\javax\persistence\javax.persistence-api\2.2\javax.persistence-api-2.2.jar;C:\Users\User\.m2\repository\net\bytebuddy\byte-buddy\1.11.20\byte-buddy-1.11.20.jar;C:\Users\User\.m2\repository\antlr\antlr\2.7.7\antlr-2.7.7.jar;C:\Users\User\.m2\repository\org\jboss\spec\javax\transaction\jboss-transaction-api_1.2_spec\1.1.1.Final\jboss-transaction-api_1.2_spec-1.1.1.Final.jar;C:\Users\User\.m2\repository\org\jboss\jandex\2.2.3.Final\jandex-2.2.3.Final.jar;C:\Users\User\.m2\repository\com\fasterxml\classmate\1.5.1\classmate-1.5.1.jar;C:\Users\User\.m2\repository\javax\activation\javax.activation-api\1.2.0\javax.activation-api-1.2.0.jar;C:\Users\User\.m2\repository\org\hibernate\common\hibernate-commons-annotations\5.1.2.Final\hibernate-commons-annotations-5.1.2.Final.jar;C:\Users\User\.m2\repository\javax\xml\bind\jaxb-api\2.3.1\jaxb-api-2.3.1.jar;C:\Users\User\.m2\repository\org\glassfish\jaxb\jaxb-runtime\2.3.1\jaxb-runtime-2.3.1.jar;C:\Users\User\.m2\repository\org\glassfish\jaxb\txw2\2.3.1\txw2-2.3.1.jar;C:\Users\User\.m2\repo
Launcher Type: SUN_STANDARD

[Global flags]
     intx CICompilerCount                          = 12                                        {product} {ergonomic}
     uint ConcGCThreads                            = 3                                         {product} {ergonomic}
     uint G1ConcRefinementThreads                  = 13                                        {product} {ergonomic}
   size_t G1HeapRegionSize                         = 2097152                                   {product} {ergonomic}
    uintx GCDrainStackTargetSize                   = 64                                        {product} {ergonomic}
   size_t InitialHeapSize                          = 257949696                                 {product} {ergonomic}
   size_t MarkStackSize                            = 4194304                                   {product} {ergonomic}
   size_t MaxHeapSize                              = 4120903680                                {product} {ergonomic}
   size_t MaxNewSize                               = 2472542208                                {product} {ergonomic}
   size_t MinHeapDeltaBytes                        = 2097152                                   {product} {ergonomic}
   size_t MinHeapSize                              = 8388608                                   {product} {ergonomic}
    uintx NonNMethodCodeHeapSize                   = 7602480                                {pd product} {ergonomic}
    uintx NonProfiledCodeHeapSize                  = 122027880                              {pd product} {ergonomic}
    uintx ProfiledCodeHeapSize                     = 122027880                              {pd product} {ergonomic}
    uintx ReservedCodeCacheSize                    = 251658240                              {pd product} {ergonomic}
     bool SegmentedCodeCache                       = true                                      {product} {ergonomic}
   size_t SoftMaxHeapSize                          = 4120903680                             {manageable} {ergonomic}
     bool UseCompressedClassPointers               = true                           {product lp64_product} {ergonomic}
     bool UseCompressedOops                        = true                           {product lp64_product} {ergonomic}
     bool UseG1GC                                  = true                                      {product} {ergonomic}
     bool UseLargePagesIndividualAllocation        = false                                  {pd product} {ergonomic}

Logging:
Log output configuration:
 #0: stdout all=warning uptime,level,tags
 #1: stderr all=off uptime,level,tags

Environment Variables:
PATH=C:\Users\User\gcc\bin;C:\Users\User\gcc\libexec\gcc\x86_64-w64-mingw32\9.2.0;C:\WINDOWS\system32;C:\WINDOWS;C:\WINDOWS\System32\Wbem;C:\WINDOWS\System32\WindowsPowerShell\v1.0\;C:\WINDOWS\System32\OpenSSH\;C:\Program Files\dotnet\;C:\Program Files\Git\cmd;C:\Users\User\doctest-2.4.8\doctest;C:\Program Files\mingw64\bin;C:\Program Files\Microsoft SQL Server\Client SDK\ODBC\170\Tools\Binn\;C:\Program Files (x86)\Microsoft SQL Server\150\Tools\Binn\;C:\Program Files\Microsoft SQL Server\150\Tools\Binn\;C:\Program Files\Microsoft SQL Server\150\DTS\Binn\;C:\Users\User\AppData\Local\Microsoft\WindowsApps;C:\Program Files\JetBrains\PyCharm 2020.1\bin;C:\Users\User\.dotnet\tools;C:\Users\User\AppData\Local\Programs\Microsoft VS Code\bin;D:\IntelliJ IDEA Community Edition 2022.1.3\bin;C:\Users\User\AppData\Local\GitHubDesktop\bin;F:\IntelliJ IDEA 2022.2.1\bin;F:\CLion 2022.2.3\bin;C:\Users\User\AppData\Local\JetBrains\Toolbox\scripts;
USERNAME=User
OS=Windows_NT
PROCESSOR_IDENTIFIER=AMD64 Family 23 Model 104 Stepping 1, AuthenticAMD



---------------  S Y S T E M  ---------------

OS:
 Windows 10 , 64 bit Build 22000 (10.0.22000.120)
OS uptime: 1 days 23:12 hours

CPU: total 16 (initial active 16) (16 cores per cpu, 2 threads per core) family 23 model 104 stepping 1 microcode 0x0, cx8, cmov, fxsr, ht, mmx, 3dnowpref, sse, sse2, sse3, ssse3, sse4a, sse4.1, sse4.2, popcnt, lzcnt, tsc, tscinvbit, avx, avx2, aes, clmul, bmi1, bmi2, adx, sha, fma, vzeroupper, clflush, clflushopt

Memory: 4k page, system-wide physical 15712M (3879M free)
TotalPageFile size 19712M (AvailPageFile size 6M)
current process WorkingSet (physical memory assigned to process): 113M, peak: 113M
current process commit charge ("private bytes"): 372M, peak: 373M

vm_info: OpenJDK 64-Bit Server VM (17.0.1+12-39) for windows-amd64 JRE (17.0.1+12-39), built on Sep 27 2021 18:39:29 by "mach5one" with MS VC++ 16.8 (VS2019)

END.
